\BOOKMARK [0][-]{Abstract.0}{Abstract}{}% 1
\BOOKMARK [0][-]{Contents.0}{Contents}{}% 2
\BOOKMARK [0][-]{Dedication.0}{Dedication}{}% 3
\BOOKMARK [0][-]{chapter.0}{Introduction}{}% 4
\BOOKMARK [1][-]{section.0.1}{Cholinergic\040Systems}{chapter.0}% 5
\BOOKMARK [1][-]{section.0.2}{Transcriptional\040Connectomics}{chapter.0}% 6
\BOOKMARK [0][-]{chapter.1}{miRNet:\040Creation\040of\040a\040Comprehensive\040Connectomics\040Database}{}% 7
\BOOKMARK [1][-]{section.1.1}{Materials}{chapter.1}% 8
\BOOKMARK [1][-]{section.1.2}{Implementation}{chapter.1}% 9
\BOOKMARK [1][-]{section.1.3}{Usage}{chapter.1}% 10
\BOOKMARK [1][-]{section.1.4}{Statistical\040Approach\040to\040Connectomics}{chapter.1}% 11
\BOOKMARK [0][-]{chapter.2}{Single-cell\040sequencing?}{}% 12
\BOOKMARK [1][-]{section.2.1}{Background}{chapter.2}% 13
\BOOKMARK [0][-]{chapter.3}{microRNA\040Dynamics\040in\040Cholinergic\040Differentiation\040of\040Human\040Neuronal\040Cells}{}% 14
\BOOKMARK [1][-]{section.3.1}{Background?\040-\040Intro?}{chapter.3}% 15
\BOOKMARK [1][-]{section.3.2}{The\040Cellular\040Model}{chapter.3}% 16
\BOOKMARK [1][-]{section.3.3}{Small\040RNA\040Sequencing\040and\040Differential\040Expression\040Analysis}{chapter.3}% 17
\BOOKMARK [1][-]{section.3.4}{Network\040Generation}{chapter.3}% 18
\BOOKMARK [1][-]{section.3.5}{The\040Cholinergic/Neurokine\040Interface}{chapter.3}% 19
\BOOKMARK [1][-]{section.3.6}{Application\040to\040Schizophrenia\040and\040Bipolar\040Disorder}{chapter.3}% 20
\BOOKMARK [0][-]{chapter.4}{Dynamics\040Between\040Small\040and\040Large\040RNA\040in\040the\040Blood\040of\040Stroke\040Victims}{}% 21
\BOOKMARK [1][-]{section.4.1}{Background}{chapter.4}% 22
\BOOKMARK [1][-]{section.4.2}{Cohort}{chapter.4}% 23
\BOOKMARK [1][-]{section.4.3}{RNA\040Sequencing\040and\040Differential\040Expression\040Analysis}{chapter.4}% 24
\BOOKMARK [1][-]{section.4.4}{tRF\040Homology}{chapter.4}% 25
\BOOKMARK [1][-]{section.4.5}{WGCNA}{chapter.4}% 26
\BOOKMARK [1][-]{section.4.6}{Co-correlation}{chapter.4}% 27
\BOOKMARK [1][-]{section.4.7}{Networks}{chapter.4}% 28
\BOOKMARK [1][-]{section.4.8}{Direct\040Interaction}{chapter.4}% 29
\BOOKMARK [1][-]{section.4.9}{Feedforward\040Loops}{chapter.4}% 30
\BOOKMARK [0][-]{chapter.5}{Discussion}{}% 31
\BOOKMARK [1][-]{section.5.1}{Methods}{chapter.5}% 32
\BOOKMARK [0][-]{chapter.6}{Conclusion}{}% 33
\BOOKMARK [0][-]{chapter.6}{References}{}% 34
\BOOKMARK [0][-]{appendix.A}{Transcription\040Factor\040Regulatory\040Circuits\040-\040Tissue\040Types}{}% 35
