This is XeTeX, Version 3.14159265-2.6-0.999991 (TeX Live 2019) (preloaded format=xelatex 2019.9.26)  12 OCT 2019 15:23
entering extended mode
 restricted \write18 enabled.
 file:line:error style messages enabled.
 %&-line parsing enabled.
**dissertation.tex
(./dissertation.tex
LaTeX2e <2018-12-01>
(./Dissertate.cls
Document Class: Dissertate 2014/03/25 v2.0 Dissertate Class
(/usr/local/texlive/2019/texmf-dist/tex/latex/base/book.cls
Document Class: book 2018/09/03 v1.4i Standard LaTeX document class
(/usr/local/texlive/2019/texmf-dist/tex/latex/base/bk12.clo
File: bk12.clo 2018/09/03 v1.4i Standard LaTeX file (size option)
)
\c@part=\count80
\c@chapter=\count81
\c@section=\count82
\c@subsection=\count83
\c@subsubsection=\count84
\c@paragraph=\count85
\c@subparagraph=\count86
\c@figure=\count87
\c@table=\count88
\abovecaptionskip=\skip41
\belowcaptionskip=\skip42
\bibindent=\dimen102
)
(/usr/local/texlive/2019/texmf-dist/tex/latex/etoolbox/etoolbox.sty
Package: etoolbox 2018/08/19 v2.5f e-TeX tools for LaTeX (JAW)
\etb@tempcnta=\count89
)
(/usr/local/texlive/2019/texmf-dist/tex/latex/geometry/geometry.sty
Package: geometry 2018/04/16 v5.8 Page Geometry

(/usr/local/texlive/2019/texmf-dist/tex/latex/graphics/keyval.sty
Package: keyval 2014/10/28 v1.15 key=value parser (DPC)
\KV@toks@=\toks14
)
(/usr/local/texlive/2019/texmf-dist/tex/generic/oberdiek/ifpdf.sty
Package: ifpdf 2018/09/07 v3.3 Provides the ifpdf switch
)
(/usr/local/texlive/2019/texmf-dist/tex/generic/oberdiek/ifvtex.sty
Package: ifvtex 2016/05/16 v1.6 Detect VTeX and its facilities (HO)
Package ifvtex Info: VTeX not detected.
)
(/usr/local/texlive/2019/texmf-dist/tex/generic/ifxetex/ifxetex.sty
Package: ifxetex 2010/09/12 v0.6 Provides ifxetex conditional
)
\Gm@cnth=\count90
\Gm@cntv=\count91
\c@Gm@tempcnt=\count92
\Gm@bindingoffset=\dimen103
\Gm@wd@mp=\dimen104
\Gm@odd@mp=\dimen105
\Gm@even@mp=\dimen106
\Gm@layoutwidth=\dimen107
\Gm@layoutheight=\dimen108
\Gm@layouthoffset=\dimen109
\Gm@layoutvoffset=\dimen110
\Gm@dimlist=\toks15
)
(/usr/local/texlive/2019/texmf-dist/tex/latex/ms/ragged2e.sty
Package: ragged2e 2009/05/21 v2.1 ragged2e Package (MS)

(/usr/local/texlive/2019/texmf-dist/tex/latex/ms/everysel.sty
Package: everysel 2011/10/28 v1.2 EverySelectfont Package (MS)
)
\CenteringLeftskip=\skip43
\RaggedLeftLeftskip=\skip44
\RaggedRightLeftskip=\skip45
\CenteringRightskip=\skip46
\RaggedLeftRightskip=\skip47
\RaggedRightRightskip=\skip48
\CenteringParfillskip=\skip49
\RaggedLeftParfillskip=\skip50
\RaggedRightParfillskip=\skip51
\JustifyingParfillskip=\skip52
\CenteringParindent=\skip53
\RaggedLeftParindent=\skip54
\RaggedRightParindent=\skip55
\JustifyingParindent=\skip56
)
(/usr/local/texlive/2019/texmf-dist/tex/latex/graphics/graphicx.sty
Package: graphicx 2017/06/01 v1.1a Enhanced LaTeX Graphics (DPC,SPQR)

(/usr/local/texlive/2019/texmf-dist/tex/latex/graphics/graphics.sty
Package: graphics 2017/06/25 v1.2c Standard LaTeX Graphics (DPC,SPQR)

(/usr/local/texlive/2019/texmf-dist/tex/latex/graphics/trig.sty
Package: trig 2016/01/03 v1.10 sin cos tan (DPC)
)
(/usr/local/texlive/2019/texmf-dist/tex/latex/graphics-cfg/graphics.cfg
File: graphics.cfg 2016/06/04 v1.11 sample graphics configuration
)
Package graphics Info: Driver file: xetex.def on input line 99.

(/usr/local/texlive/2019/texmf-dist/tex/latex/graphics-def/xetex.def
File: xetex.def 2017/06/24 v5.0h Graphics/color driver for xetex
))
\Gin@req@height=\dimen111
\Gin@req@width=\dimen112
)
(/usr/local/texlive/2019/texmf-dist/tex/latex/base/fixltx2e.sty
Package: fixltx2e 2016/12/29 v2.1a fixes to LaTeX (obsolete)
Applying: [2015/01/01] Old fixltx2e package on input line 46.


Package fixltx2e Warning: fixltx2e is not required with releases after 2015
(fixltx2e)                All fixes are now in the LaTeX kernel.
(fixltx2e)                See the latexrelease package for details.

Already applied: [0000/00/00] Old fixltx2e package on input line 53.
) (/usr/local/texlive/2019/texmf-dist/tex/latex/lettrine/lettrine.sty
File: lettrine.sty 2019-04-06 v2.22 (Daniel Flipo)

(/usr/local/texlive/2019/texmf-dist/tex/generic/minifp/minifp.sty
Package: minifp 2013/12/30 v0.96. Macros for real number operations and a stack
-based programing language.
\MFP@loopctr=\count93
)
\c@DefaultLines=\count94
\c@DefaultDepth=\count95
\DefaultFindent=\dimen113
\DefaultNindent=\dimen114
\DefaultSlope=\dimen115
\DiscardVskip=\dimen116
\L@lbox=\box27
\L@tbox=\box28
\c@L@lines=\count96
\c@L@depth=\count97
\L@Pindent=\dimen117
\L@Findent=\dimen118
\L@Nindent=\dimen119
\L@lraise=\dimen120
\L@first=\dimen121
\L@next=\dimen122
\L@slope=\dimen123
\L@height=\dimen124
\L@novskip=\dimen125
\L@target@ht=\dimen126
\L@target@dp=\dimen127
\L@target@tht=\dimen128
\LettrineWidth=\dimen129
\LettrineHeight=\dimen130
\LettrineDepth=\dimen131
\Llist@everypar=\toks16

Loading lettrine.cfg
(/usr/local/texlive/2019/texmf-dist/tex/latex/lettrine/lettrine.cfg))
(/usr/local/texlive/2019/texmf-dist/tex/latex/setspace/setspace.sty
Package: setspace 2011/12/19 v6.7a set line spacing
)
(/usr/local/texlive/2019/texmf-dist/tex/latex/tools/verbatim.sty
Package: verbatim 2014/10/28 v1.5q LaTeX2e package for verbatim enhancements
\every@verbatim=\toks17
\verbatim@line=\toks18
\verbatim@in@stream=\read1
)
(/usr/local/texlive/2019/texmf-dist/tex/latex/listings/listings.sty
\lst@mode=\count98
\lst@gtempboxa=\box29
\lst@token=\toks19
\lst@length=\count99
\lst@currlwidth=\dimen132
\lst@column=\count100
\lst@pos=\count101
\lst@lostspace=\dimen133
\lst@width=\dimen134
\lst@newlines=\count102
\lst@lineno=\count103
\lst@maxwidth=\dimen135

(/usr/local/texlive/2019/texmf-dist/tex/latex/listings/lstmisc.sty
File: lstmisc.sty 2019/02/27 1.8b (Carsten Heinz)
\c@lstnumber=\count104
\lst@skipnumbers=\count105
\lst@framebox=\box30
)
(/usr/local/texlive/2019/texmf-dist/tex/latex/listings/listings.cfg
File: listings.cfg 2019/02/27 1.8b listings configuration
))
Package: listings 2019/02/27 1.8b (Carsten Heinz)

(/usr/local/texlive/2019/texmf-dist/tex/latex/graphics/color.sty
Package: color 2016/07/10 v1.1e Standard LaTeX Color (DPC)

(/usr/local/texlive/2019/texmf-dist/tex/latex/graphics-cfg/color.cfg
File: color.cfg 2016/01/02 v1.6 sample color configuration
)
Package color Info: Driver file: xetex.def on input line 147.
)
(/usr/local/texlive/2019/texmf-dist/tex/latex/xcolor/xcolor.sty
Package: xcolor 2016/05/11 v2.12 LaTeX color extensions (UK)

(/usr/local/texlive/2019/texmf-dist/tex/latex/graphics-cfg/color.cfg
File: color.cfg 2016/01/02 v1.6 sample color configuration
)
Package xcolor Info: Driver file: xetex.def on input line 225.
LaTeX Info: Redefining \color on input line 709.
Package xcolor Info: Model `cmy' substituted by `cmy0' on input line 1348.
Package xcolor Info: Model `RGB' extended on input line 1364.
Package xcolor Info: Model `HTML' substituted by `rgb' on input line 1366.
Package xcolor Info: Model `Hsb' substituted by `hsb' on input line 1367.
Package xcolor Info: Model `tHsb' substituted by `hsb' on input line 1368.
Package xcolor Info: Model `HSB' substituted by `hsb' on input line 1369.
Package xcolor Info: Model `Gray' substituted by `gray' on input line 1370.
Package xcolor Info: Model `wave' substituted by `hsb' on input line 1371.

(/usr/local/texlive/2019/texmf-dist/tex/latex/graphics/dvipsnam.def
File: dvipsnam.def 2016/06/17 v3.0m Driver-dependent file (DPC,SPQR)
))
(/usr/local/texlive/2019/texmf-dist/tex/latex/hyperref/hyperref.sty
Package: hyperref 2018/11/30 v6.88e Hypertext links for LaTeX

(/usr/local/texlive/2019/texmf-dist/tex/generic/oberdiek/hobsub-hyperref.sty
Package: hobsub-hyperref 2016/05/16 v1.14 Bundle oberdiek, subset hyperref (HO)


(/usr/local/texlive/2019/texmf-dist/tex/generic/oberdiek/hobsub-generic.sty
Package: hobsub-generic 2016/05/16 v1.14 Bundle oberdiek, subset generic (HO)
Package: hobsub 2016/05/16 v1.14 Construct package bundles (HO)
Package: infwarerr 2016/05/16 v1.4 Providing info/warning/error messages (HO)
Package: ltxcmds 2016/05/16 v1.23 LaTeX kernel commands for general use (HO)
Package: ifluatex 2016/05/16 v1.4 Provides the ifluatex switch (HO)
Package ifluatex Info: LuaTeX not detected.
Package hobsub Info: Skipping package `ifvtex' (already loaded).
Package: intcalc 2016/05/16 v1.2 Expandable calculations with integers (HO)
Package hobsub Info: Skipping package `ifpdf' (already loaded).
Package: etexcmds 2016/05/16 v1.6 Avoid name clashes with e-TeX commands (HO)
Package: kvsetkeys 2016/05/16 v1.17 Key value parser (HO)
Package: kvdefinekeys 2016/05/16 v1.4 Define keys (HO)
Package: pdftexcmds 2018/09/10 v0.29 Utility functions of pdfTeX for LuaTeX (HO
)
Package pdftexcmds Info: LuaTeX not detected.
Package pdftexcmds Info: pdfTeX >= 1.30 not detected.
Package pdftexcmds Info: \pdf@primitive is available.
Package pdftexcmds Info: \pdf@ifprimitive is available.
Package pdftexcmds Info: \pdfdraftmode not found.
Package: pdfescape 2016/05/16 v1.14 Implements pdfTeX's escape features (HO)
Package: bigintcalc 2016/05/16 v1.4 Expandable calculations on big integers (HO
)
Package: bitset 2016/05/16 v1.2 Handle bit-vector datatype (HO)
Package: uniquecounter 2016/05/16 v1.3 Provide unlimited unique counter (HO)
)
Package hobsub Info: Skipping package `hobsub' (already loaded).
Package: letltxmacro 2016/05/16 v1.5 Let assignment for LaTeX macros (HO)
Package: hopatch 2016/05/16 v1.3 Wrapper for package hooks (HO)
Package: xcolor-patch 2016/05/16 xcolor patch
Package: atveryend 2016/05/16 v1.9 Hooks at the very end of document (HO)
Package: atbegshi 2016/06/09 v1.18 At begin shipout hook (HO)
Package: refcount 2016/05/16 v3.5 Data extraction from label references (HO)
Package: hycolor 2016/05/16 v1.8 Color options for hyperref/bookmark (HO)
)
(/usr/local/texlive/2019/texmf-dist/tex/latex/oberdiek/auxhook.sty
Package: auxhook 2016/05/16 v1.4 Hooks for auxiliary files (HO)
)
(/usr/local/texlive/2019/texmf-dist/tex/latex/oberdiek/kvoptions.sty
Package: kvoptions 2016/05/16 v3.12 Key value format for package options (HO)
)
\@linkdim=\dimen136
\Hy@linkcounter=\count106
\Hy@pagecounter=\count107

(/usr/local/texlive/2019/texmf-dist/tex/latex/hyperref/pd1enc.def
File: pd1enc.def 2018/11/30 v6.88e Hyperref: PDFDocEncoding definition (HO)
)
\Hy@SavedSpaceFactor=\count108

(/usr/local/texlive/2019/texmf-dist/tex/latex/latexconfig/hyperref.cfg
File: hyperref.cfg 2002/06/06 v1.2 hyperref configuration of TeXLive
)
Package hyperref Info: Hyper figures OFF on input line 4519.
Package hyperref Info: Link nesting OFF on input line 4524.
Package hyperref Info: Hyper index ON on input line 4527.
Package hyperref Info: Plain pages OFF on input line 4534.
Package hyperref Info: Backreferencing OFF on input line 4539.
Package hyperref Info: Implicit mode ON; LaTeX internals redefined.
Package hyperref Info: Bookmarks ON on input line 4772.
\c@Hy@tempcnt=\count109

(/usr/local/texlive/2019/texmf-dist/tex/latex/url/url.sty
\Urlmuskip=\muskip10
Package: url 2013/09/16  ver 3.4  Verb mode for urls, etc.
)
LaTeX Info: Redefining \url on input line 5125.
\XeTeXLinkMargin=\dimen137
\Fld@menulength=\count110
\Field@Width=\dimen138
\Fld@charsize=\dimen139
Package hyperref Info: Hyper figures OFF on input line 6380.
Package hyperref Info: Link nesting OFF on input line 6385.
Package hyperref Info: Hyper index ON on input line 6388.
Package hyperref Info: backreferencing OFF on input line 6395.
Package hyperref Info: Link coloring OFF on input line 6400.
Package hyperref Info: Link coloring with OCG OFF on input line 6405.
Package hyperref Info: PDF/A mode OFF on input line 6410.
LaTeX Info: Redefining \ref on input line 6450.
LaTeX Info: Redefining \pageref on input line 6454.
\Hy@abspage=\count111
\c@Item=\count112
\c@Hfootnote=\count113
)
Package hyperref Info: Driver (autodetected): hxetex.

(/usr/local/texlive/2019/texmf-dist/tex/latex/hyperref/hxetex.def
File: hxetex.def 2018/11/30 v6.88e Hyperref driver for XeTeX

(/usr/local/texlive/2019/texmf-dist/tex/latex/hyperref/puenc.def
File: puenc.def 2018/11/30 v6.88e Hyperref: PDF Unicode definition (HO)
)
(/usr/local/texlive/2019/texmf-dist/tex/generic/oberdiek/stringenc.sty
Package: stringenc 2016/05/16 v1.11 Convert strings between diff. encodings (HO
)
)
\pdfm@box=\box31
\c@Hy@AnnotLevel=\count114
\HyField@AnnotCount=\count115
\Fld@listcount=\count116
\c@bookmark@seq@number=\count117

(/usr/local/texlive/2019/texmf-dist/tex/latex/oberdiek/rerunfilecheck.sty
Package: rerunfilecheck 2016/05/16 v1.8 Rerun checks for auxiliary files (HO)
Package uniquecounter Info: New unique counter `rerunfilecheck' on input line 2
82.
)
\Hy@SectionHShift=\skip57
)
(/usr/local/texlive/2019/texmf-dist/tex/latex/amsfonts/amssymb.sty
Package: amssymb 2013/01/14 v3.01 AMS font symbols

(/usr/local/texlive/2019/texmf-dist/tex/latex/amsfonts/amsfonts.sty
Package: amsfonts 2013/01/14 v3.01 Basic AMSFonts support
\@emptytoks=\toks20
\symAMSa=\mathgroup4
\symAMSb=\mathgroup5
LaTeX Font Info:    Overwriting math alphabet `\mathfrak' in version `bold'
(Font)                  U/euf/m/n --> U/euf/b/n on input line 106.
))
(/usr/local/texlive/2019/texmf-dist/tex/xelatex/mathspec/mathspec.sty
Package: mathspec 2016/12/22 v0.2b LaTeX Package (Mathematics font selection fo
r XeLaTeX)

(/usr/local/texlive/2019/texmf-dist/tex/latex/amsmath/amstext.sty
Package: amstext 2000/06/29 v2.01 AMS text

(/usr/local/texlive/2019/texmf-dist/tex/latex/amsmath/amsgen.sty
File: amsgen.sty 1999/11/30 v2.0 generic functions
\@emptytoks=\toks21
\ex@=\dimen140
))
(/usr/local/texlive/2019/texmf-dist/tex/latex/fontspec/fontspec.sty
(/usr/local/texlive/2019/texmf-dist/tex/latex/l3packages/xparse/xparse.sty
(/usr/local/texlive/2019/texmf-dist/tex/latex/l3kernel/expl3.sty
Package: expl3 2019-05-07 L3 programming layer (loader) 

(/usr/local/texlive/2019/texmf-dist/tex/latex/l3kernel/expl3-code.tex
Package: expl3 2019-05-07 L3 programming layer (code)
\c_max_int=\count118
\l_tmpa_int=\count119
\l_tmpb_int=\count120
\g_tmpa_int=\count121
\g_tmpb_int=\count122
\g__kernel_prg_map_int=\count123
\c__ior_term_ior=\count124
\c_log_iow=\count125
\l_iow_line_count_int=\count126
\l__iow_line_target_int=\count127
\l__iow_one_indent_int=\count128
\l__iow_indent_int=\count129
\c_zero_dim=\dimen141
\c_max_dim=\dimen142
\l_tmpa_dim=\dimen143
\l_tmpb_dim=\dimen144
\g_tmpa_dim=\dimen145
\g_tmpb_dim=\dimen146
\c_zero_skip=\skip58
\c_max_skip=\skip59
\l_tmpa_skip=\skip60
\l_tmpb_skip=\skip61
\g_tmpa_skip=\skip62
\g_tmpb_skip=\skip63
\c_zero_muskip=\muskip11
\c_max_muskip=\muskip12
\l_tmpa_muskip=\muskip13
\l_tmpb_muskip=\muskip14
\g_tmpa_muskip=\muskip15
\g_tmpb_muskip=\muskip16
\l_keys_choice_int=\count130
\l__intarray_loop_int=\count131
\c__intarray_sp_dim=\dimen147
\g__intarray_font_int=\count132
\c__fp_leading_shift_int=\count133
\c__fp_middle_shift_int=\count134
\c__fp_trailing_shift_int=\count135
\c__fp_big_leading_shift_int=\count136
\c__fp_big_middle_shift_int=\count137
\c__fp_big_trailing_shift_int=\count138
\c__fp_Bigg_leading_shift_int=\count139
\c__fp_Bigg_middle_shift_int=\count140
\c__fp_Bigg_trailing_shift_int=\count141
\g__fp_array_int=\count142
\l__fp_array_loop_int=\count143
\l__sort_length_int=\count144
\l__sort_min_int=\count145
\l__sort_top_int=\count146
\l__sort_max_int=\count147
\l__sort_true_max_int=\count148
\l__sort_block_int=\count149
\l__sort_begin_int=\count150
\l__sort_end_int=\count151
\l__sort_A_int=\count152
\l__sort_B_int=\count153
\l__sort_C_int=\count154
\l__tl_analysis_normal_int=\count155
\l__tl_analysis_index_int=\count156
\l__tl_analysis_nesting_int=\count157
\l__tl_analysis_type_int=\count158
\l__regex_internal_a_int=\count159
\l__regex_internal_b_int=\count160
\l__regex_internal_c_int=\count161
\l__regex_balance_int=\count162
\l__regex_group_level_int=\count163
\l__regex_mode_int=\count164
\c__regex_cs_in_class_mode_int=\count165
\c__regex_cs_mode_int=\count166
\l__regex_catcodes_int=\count167
\l__regex_default_catcodes_int=\count168
\c__regex_catcode_L_int=\count169
\c__regex_catcode_O_int=\count170
\c__regex_catcode_A_int=\count171
\c__regex_all_catcodes_int=\count172
\l__regex_show_lines_int=\count173
\l__regex_min_state_int=\count174
\l__regex_max_state_int=\count175
\l__regex_left_state_int=\count176
\l__regex_right_state_int=\count177
\l__regex_capturing_group_int=\count178
\l__regex_min_pos_int=\count179
\l__regex_max_pos_int=\count180
\l__regex_curr_pos_int=\count181
\l__regex_start_pos_int=\count182
\l__regex_success_pos_int=\count183
\l__regex_curr_char_int=\count184
\l__regex_curr_catcode_int=\count185
\l__regex_last_char_int=\count186
\l__regex_case_changed_char_int=\count187
\l__regex_curr_state_int=\count188
\l__regex_step_int=\count189
\l__regex_min_active_int=\count190
\l__regex_max_active_int=\count191
\l__regex_replacement_csnames_int=\count192
\l__regex_match_count_int=\count193
\l__regex_min_submatch_int=\count194
\l__regex_submatch_int=\count195
\l__regex_zeroth_submatch_int=\count196
\g__regex_trace_regex_int=\count197
\c_empty_box=\box32
\l_tmpa_box=\box33
\l_tmpb_box=\box34
\g_tmpa_box=\box35
\g_tmpb_box=\box36
\l__box_top_dim=\dimen148
\l__box_bottom_dim=\dimen149
\l__box_left_dim=\dimen150
\l__box_right_dim=\dimen151
\l__box_top_new_dim=\dimen152
\l__box_bottom_new_dim=\dimen153
\l__box_left_new_dim=\dimen154
\l__box_right_new_dim=\dimen155
\l__box_internal_box=\box37
\l__coffin_internal_box=\box38
\l__coffin_internal_dim=\dimen156
\l__coffin_offset_x_dim=\dimen157
\l__coffin_offset_y_dim=\dimen158
\l__coffin_x_dim=\dimen159
\l__coffin_y_dim=\dimen160
\l__coffin_x_prime_dim=\dimen161
\l__coffin_y_prime_dim=\dimen162
\c_empty_coffin=\box39
\l__coffin_aligned_coffin=\box40
\l__coffin_aligned_internal_coffin=\box41
\l_tmpa_coffin=\box42
\l_tmpb_coffin=\box43
\g_tmpa_coffin=\box44
\g_tmpb_coffin=\box45
\l__coffin_bounding_shift_dim=\dimen163
\l__coffin_left_corner_dim=\dimen164
\l__coffin_right_corner_dim=\dimen165
\l__coffin_bottom_corner_dim=\dimen166
\l__coffin_top_corner_dim=\dimen167
\l__coffin_scaled_total_height_dim=\dimen168
\l__coffin_scaled_width_dim=\dimen169
\c__coffin_empty_coffin=\box46
\l__coffin_display_coffin=\box47
\l__coffin_display_coord_coffin=\box48
\l__coffin_display_pole_coffin=\box49
\l__coffin_display_offset_dim=\dimen170
\l__coffin_display_x_dim=\dimen171
\l__coffin_display_y_dim=\dimen172
\g__file_internal_ior=\read2
\l__seq_internal_a_int=\count198
\l__seq_internal_b_int=\count199
\c__deprecation_minus_one=\count266
)
(/usr/local/texlive/2019/texmf-dist/tex/latex/l3kernel/l3xdvipdfmx.def
File: l3xdvipdfmx.def 2019-04-06 v L3 Experimental driver: xdvipdfmx
\g__driver_image_int=\count267
\l__driver_pdf_tmp_box=\box50
\g__driver_pdf_object_int=\count268
\g__driver_pdf_annotation_int=\count269
))
Package: xparse 2019-05-03 L3 Experimental document command parser
\l__xparse_current_arg_int=\count270
\g__xparse_grabber_int=\count271
\l__xparse_m_args_int=\count272
\l__xparse_v_nesting_int=\count273
)
Package: fontspec 2019/03/15 v2.7c Font selection for XeLaTeX and LuaLaTeX

(/usr/local/texlive/2019/texmf-dist/tex/latex/fontspec/fontspec-xetex.sty
Package: fontspec-xetex 2019/03/15 v2.7c Font selection for XeLaTeX and LuaLaTe
X
\l__fontspec_script_int=\count274
\l__fontspec_language_int=\count275
\l__fontspec_strnum_int=\count276
\l__fontspec_tmp_int=\count277
\l__fontspec_tmpa_int=\count278
\l__fontspec_tmpb_int=\count279
\l__fontspec_tmpc_int=\count280
\l__fontspec_em_int=\count281
\l__fontspec_emdef_int=\count282
\l__fontspec_strong_int=\count283
\l__fontspec_strongdef_int=\count284
\l__fontspec_tmpa_dim=\dimen173
\l__fontspec_tmpb_dim=\dimen174
\l__fontspec_tmpc_dim=\dimen175

(/usr/local/texlive/2019/texmf-dist/tex/latex/base/fontenc.sty
Package: fontenc 2018/08/11 v2.0j Standard LaTeX package

(/usr/local/texlive/2019/texmf-dist/tex/latex/base/tuenc.def
File: tuenc.def 2018/08/11 v2.0j Standard LaTeX file
LaTeX Font Info:    Redeclaring font encoding TU on input line 82.
))
(/usr/local/texlive/2019/texmf-dist/tex/latex/fontspec/fontspec.cfg)
LaTeX Info: Redefining \itshape on input line 4051.
LaTeX Info: Redefining \slshape on input line 4056.
LaTeX Info: Redefining \scshape on input line 4061.
LaTeX Info: Redefining \upshape on input line 4066.
LaTeX Info: Redefining \em on input line 4096.
LaTeX Info: Redefining \emph on input line 4121.
))
(/usr/local/texlive/2019/texmf-dist/tex/latex/xkeyval/xkeyval.sty
Package: xkeyval 2014/12/03 v2.7a package option processing (HA)

(/usr/local/texlive/2019/texmf-dist/tex/generic/xkeyval/xkeyval.tex
(/usr/local/texlive/2019/texmf-dist/tex/generic/xkeyval/xkvutils.tex
\XKV@toks=\toks22
\XKV@tempa@toks=\toks23
)
\XKV@depth=\count285
File: xkeyval.tex 2014/12/03 v2.7a key=value parser (HA)
))
\c@eu@=\count286
\c@eu@i=\count287
\c@mkern=\count288
)

Package fontspec Info: Font family 'EBGaramond(0)' created for font 'EB
(fontspec)             Garamond' with options [Numbers={Proportional}].
(fontspec)              
(fontspec)              This font family consists of the following NFSS
(fontspec)             series/shapes:
(fontspec)              
(fontspec)             - 'normal' (m/n) with NFSS spec.: <->"EB
(fontspec)             Garamond/OT:script=latn;language=DFLT;+pnum;"
(fontspec)             - 'small caps'  (m/sc) with NFSS spec.: <->"EB
(fontspec)             Garamond/OT:script=latn;language=DFLT;+pnum;+smcp;"
(fontspec)             - 'bold' (bx/n) with NFSS spec.: <->"EB
(fontspec)             Garamond/B/OT:script=latn;language=DFLT;+pnum;"
(fontspec)             - 'bold small caps'  (bx/sc) with NFSS spec.: <->"EB
(fontspec)             Garamond/B/OT:script=latn;language=DFLT;+pnum;+smcp;"
(fontspec)             - 'italic' (m/it) with NFSS spec.: <->"EB
(fontspec)             Garamond/I/OT:script=latn;language=DFLT;+pnum;"
(fontspec)             - 'italic small caps'  (m/itsc) with NFSS spec.: <->"EB
(fontspec)             Garamond/I/OT:script=latn;language=DFLT;+pnum;+smcp;"
(fontspec)             - 'bold italic' (bx/it) with NFSS spec.: <->"EB
(fontspec)             Garamond/BI/OT:script=latn;language=DFLT;+pnum;"
(fontspec)             - 'bold italic small caps'  (bx/itsc) with NFSS spec.:
(fontspec)             <->"EB
(fontspec)             Garamond/BI/OT:script=latn;language=DFLT;+pnum;+smcp;"

\symDigits:m:n=\mathgroup6
\symLatin:m:n=\mathgroup7
\symLatin:m:it=\mathgroup8
\symGreek:m:n=\mathgroup9
\symGreek:m:it=\mathgroup10

Package fontspec Info: Font family 'EBGaramond(1)' created for font 'EB
(fontspec)             Garamond' with options [].
(fontspec)              
(fontspec)              This font family consists of the following NFSS
(fontspec)             series/shapes:
(fontspec)              
(fontspec)             - 'normal' (m/n) with NFSS spec.: <->"EB
(fontspec)             Garamond/OT:script=latn;language=DFLT;"
(fontspec)             - 'small caps'  (m/sc) with NFSS spec.: <->"EB
(fontspec)             Garamond/OT:script=latn;language=DFLT;+smcp;"
(fontspec)             - 'bold' (bx/n) with NFSS spec.: <->"EB
(fontspec)             Garamond/B/OT:script=latn;language=DFLT;"
(fontspec)             - 'bold small caps'  (bx/sc) with NFSS spec.: <->"EB
(fontspec)             Garamond/B/OT:script=latn;language=DFLT;+smcp;"
(fontspec)             - 'italic' (m/it) with NFSS spec.: <->"EB
(fontspec)             Garamond/I/OT:script=latn;language=DFLT;"
(fontspec)             - 'italic small caps'  (m/itsc) with NFSS spec.: <->"EB
(fontspec)             Garamond/I/OT:script=latn;language=DFLT;+smcp;"
(fontspec)             - 'bold italic' (bx/it) with NFSS spec.: <->"EB
(fontspec)             Garamond/BI/OT:script=latn;language=DFLT;"
(fontspec)             - 'bold italic small caps'  (bx/itsc) with NFSS spec.:
(fontspec)             <->"EB Garamond/BI/OT:script=latn;language=DFLT;+smcp;"

LaTeX Font Info:    Redeclaring math alphabet \mathrm on input line 90.
LaTeX Font Info:    Overwriting math alphabet `\mathrm' in version `bold'
(Font)                  TU/EBGaramond(1)/m/n --> TU/EBGaramond(1)/bx/n on input
 line 90.
LaTeX Font Info:    Redeclaring math alphabet \mathit on input line 90.
LaTeX Font Info:    Overwriting math alphabet `\mathit' in version `normal'
(Font)                  OT1/cmr/m/it --> TU/EBGaramond(1)/m/it on input line 90
.
LaTeX Font Info:    Overwriting math alphabet `\mathit' in version `bold'
(Font)                  OT1/cmr/bx/it --> TU/EBGaramond(1)/m/it on input line 9
0.
LaTeX Font Info:    Redeclaring math alphabet \mathbf on input line 90.
LaTeX Font Info:    Overwriting math alphabet `\mathbf' in version `normal'
(Font)                  OT1/cmr/bx/n --> TU/EBGaramond(1)/bx/n on input line 90
.
LaTeX Font Info:    Overwriting math alphabet `\mathbf' in version `bold'
(Font)                  OT1/cmr/bx/n --> TU/EBGaramond(1)/bx/n on input line 90
.
LaTeX Font Info:    Overwriting math alphabet `\mathit' in version `bold'
(Font)                  TU/EBGaramond(1)/m/it --> TU/EBGaramond(1)/bx/it on inp
ut line 90.
\symOperators:m:n=\mathgroup11

Package fontspec Info: Font family 'EBGaramond(2)' created for font 'EB
(fontspec)             Garamond' with options
(fontspec)             [Ligatures=TeX,Numbers=OldStyle,Ligatures={Common,
(fontspec)             TeX},Scale=1.0].
(fontspec)              
(fontspec)              This font family consists of the following NFSS
(fontspec)             series/shapes:
(fontspec)              
(fontspec)             - 'normal' (m/n) with NFSS spec.: <->s*[1.0]"EB
(fontspec)             Garamond/OT:script=latn;language=DFLT;+onum;+liga;mappin
g=tex-text;"
(fontspec)             - 'small caps'  (m/sc) with NFSS spec.: <->s*[1.0]"EB
(fontspec)             Garamond/OT:script=latn;language=DFLT;+onum;+liga;+smcp;
mapping=tex-text;"
(fontspec)             - 'bold' (bx/n) with NFSS spec.: <->s*[1.0]"EB
(fontspec)             Garamond/B/OT:script=latn;language=DFLT;+onum;+liga;mapp
ing=tex-text;"
(fontspec)             - 'bold small caps'  (bx/sc) with NFSS spec.:
(fontspec)             <->s*[1.0]"EB
(fontspec)             Garamond/B/OT:script=latn;language=DFLT;+onum;+liga;+smc
p;mapping=tex-text;"
(fontspec)             - 'italic' (m/it) with NFSS spec.: <->s*[1.0]"EB
(fontspec)             Garamond/I/OT:script=latn;language=DFLT;+onum;+liga;mapp
ing=tex-text;"
(fontspec)             - 'italic small caps'  (m/itsc) with NFSS spec.:
(fontspec)             <->s*[1.0]"EB
(fontspec)             Garamond/I/OT:script=latn;language=DFLT;+onum;+liga;+smc
p;mapping=tex-text;"
(fontspec)             - 'bold italic' (bx/it) with NFSS spec.: <->s*[1.0]"EB
(fontspec)             Garamond/BI/OT:script=latn;language=DFLT;+onum;+liga;map
ping=tex-text;"
(fontspec)             - 'bold italic small caps'  (bx/itsc) with NFSS spec.:
(fontspec)             <->s*[1.0]"EB
(fontspec)             Garamond/BI/OT:script=latn;language=DFLT;+onum;+liga;+sm
cp;mapping=tex-text;"

LaTeX Info: Redefining \rmfamily on input line 95.
LaTeX Font Info:    Font shape `TU/EBGaramond(2)/m/n' will be
(Font)              scaled to size 12.0pt on input line 95.

Package fontspec Info: Font family 'EBGaramond(3)' created for font 'EB
(fontspec)             Garamond' with options [RawFeature={+c2sc,+scmp}].
(fontspec)              
(fontspec)              This font family consists of the following NFSS
(fontspec)             series/shapes:
(fontspec)              
(fontspec)             - 'normal' (m/n) with NFSS spec.: <->"EB
(fontspec)             Garamond/OT:script=latn;language=DFLT;+c2sc,+scmp;"
(fontspec)             - 'small caps'  (m/sc) with NFSS spec.: <->"EB
(fontspec)             Garamond/OT:script=latn;language=DFLT;+c2sc,+scmp;+smcp;
"
(fontspec)             - 'bold' (bx/n) with NFSS spec.: <->"EB
(fontspec)             Garamond/B/OT:script=latn;language=DFLT;+c2sc,+scmp;"
(fontspec)             - 'bold small caps'  (bx/sc) with NFSS spec.: <->"EB
(fontspec)             Garamond/B/OT:script=latn;language=DFLT;+c2sc,+scmp;+smc
p;"
(fontspec)             - 'italic' (m/it) with NFSS spec.: <->"EB
(fontspec)             Garamond/I/OT:script=latn;language=DFLT;+c2sc,+scmp;"
(fontspec)             - 'italic small caps'  (m/itsc) with NFSS spec.: <->"EB
(fontspec)             Garamond/I/OT:script=latn;language=DFLT;+c2sc,+scmp;+smc
p;"
(fontspec)             - 'bold italic' (bx/it) with NFSS spec.: <->"EB
(fontspec)             Garamond/BI/OT:script=latn;language=DFLT;+c2sc,+scmp;"
(fontspec)             - 'bold italic small caps'  (bx/itsc) with NFSS spec.:
(fontspec)             <->"EB
(fontspec)             Garamond/BI/OT:script=latn;language=DFLT;+c2sc,+scmp;+sm
cp;"


Package fontspec Info: Lato Regular scale = 0.7897335863911148.


Package fontspec Info: Lato Regular scale = 0.7897335863911148.


Package fontspec Info: Lato Bold scale = 0.7797268490977592.


Package fontspec Info: Lato Regular/I scale = 0.7897335863911148.


Package fontspec Info: Lato Bold/I scale = 0.7797268490977592.


Package fontspec Info: Font family 'LatoRegular(0)' created for font 'Lato
(fontspec)             Regular' with options
(fontspec)             [Ligatures=TeX,Scale=MatchLowercase,BoldFont={Lato
(fontspec)             Bold}].
(fontspec)              
(fontspec)              This font family consists of the following NFSS
(fontspec)             series/shapes:
(fontspec)              
(fontspec)             - 'normal' (m/n) with NFSS spec.:
(fontspec)             <->s*[0.7897335863911148]"Lato
(fontspec)             Regular/OT:script=latn;language=DFLT;mapping=tex-text;"
(fontspec)             - 'small caps'  (m/sc) with NFSS spec.: 
(fontspec)             - 'bold' (bx/n) with NFSS spec.:
(fontspec)             <->s*[0.7797268490977592]"Lato
(fontspec)             Bold/OT:script=latn;language=DFLT;mapping=tex-text;"
(fontspec)             - 'bold small caps'  (bx/sc) with NFSS spec.: 
(fontspec)             - 'italic' (m/it) with NFSS spec.:
(fontspec)             <->s*[0.7897335863911148]"Lato
(fontspec)             Regular/I/OT:script=latn;language=DFLT;mapping=tex-text;
"
(fontspec)             - 'italic small caps'  (m/itsc) with NFSS spec.: 
(fontspec)             - 'bold italic' (bx/it) with NFSS spec.:
(fontspec)             <->s*[0.7797268490977592]"Lato
(fontspec)             Bold/I/OT:script=latn;language=DFLT;mapping=tex-text;"
(fontspec)             - 'bold italic small caps'  (bx/itsc) with NFSS spec.: 

LaTeX Info: Redefining \sffamily on input line 97.

Package fontspec Info: Source Code Pro scale = 0.833334657882258.


Package fontspec Info: Source Code Pro scale = 0.833334657882258.


Package fontspec Info: Source Code Pro/B scale = 0.833334657882258.


Package fontspec Info: Source Code Pro/I scale = 0.833334657882258.


Package fontspec Info: Source Code Pro/BI scale = 0.833334657882258.


Package fontspec Info: Font family 'SourceCodePro(0)' created for font 'Source
(fontspec)             Code Pro' with options
(fontspec)             [WordSpace={1,0,0},HyphenChar=None,PunctuationSpace=Word
Space,Scale=MatchLowercase].
(fontspec)              
(fontspec)              This font family consists of the following NFSS
(fontspec)             series/shapes:
(fontspec)              
(fontspec)             - 'normal' (m/n) with NFSS spec.:
(fontspec)             <->s*[0.833334657882258]"Source Code
(fontspec)             Pro/OT:script=latn;language=DFLT;"
(fontspec)             - 'small caps'  (m/sc) with NFSS spec.: 
(fontspec)             and font adjustment code:
(fontspec)             \fontdimen 2\font =1\fontdimen 2\font \fontdimen 3\font
(fontspec)             =0\fontdimen 3\font \fontdimen 4\font =0\fontdimen
(fontspec)             4\font \fontdimen 7\font =0\fontdimen 2\font
(fontspec)             \tex_hyphenchar:D \font =-1\scan_stop: 
(fontspec)             - 'bold' (bx/n) with NFSS spec.:
(fontspec)             <->s*[0.833334657882258]"Source Code
(fontspec)             Pro/B/OT:script=latn;language=DFLT;"
(fontspec)             - 'bold small caps'  (bx/sc) with NFSS spec.: 
(fontspec)             and font adjustment code:
(fontspec)             \fontdimen 2\font =1\fontdimen 2\font \fontdimen 3\font
(fontspec)             =0\fontdimen 3\font \fontdimen 4\font =0\fontdimen
(fontspec)             4\font \fontdimen 7\font =0\fontdimen 2\font
(fontspec)             \tex_hyphenchar:D \font =-1\scan_stop: 
(fontspec)             - 'italic' (m/it) with NFSS spec.:
(fontspec)             <->s*[0.833334657882258]"Source Code
(fontspec)             Pro/I/OT:script=latn;language=DFLT;"
(fontspec)             - 'italic small caps'  (m/itsc) with NFSS spec.: 
(fontspec)             and font adjustment code:
(fontspec)             \fontdimen 2\font =1\fontdimen 2\font \fontdimen 3\font
(fontspec)             =0\fontdimen 3\font \fontdimen 4\font =0\fontdimen
(fontspec)             4\font \fontdimen 7\font =0\fontdimen 2\font
(fontspec)             \tex_hyphenchar:D \font =-1\scan_stop: 
(fontspec)             - 'bold italic' (bx/it) with NFSS spec.:
(fontspec)             <->s*[0.833334657882258]"Source Code
(fontspec)             Pro/BI/OT:script=latn;language=DFLT;"
(fontspec)             - 'bold italic small caps'  (bx/itsc) with NFSS spec.: 
(fontspec)             and font adjustment code:
(fontspec)             \fontdimen 2\font =1\fontdimen 2\font \fontdimen 3\font
(fontspec)             =0\fontdimen 3\font \fontdimen 4\font =0\fontdimen
(fontspec)             4\font \fontdimen 7\font =0\fontdimen 2\font
(fontspec)             \tex_hyphenchar:D \font =-1\scan_stop: 

LaTeX Info: Redefining \ttfamily on input line 98.

(/usr/local/texlive/2019/texmf-dist/tex/latex/caption/caption.sty
Package: caption 2018/10/06 v3.3-154 Customizing captions (AR)

(/usr/local/texlive/2019/texmf-dist/tex/latex/caption/caption3.sty
Package: caption3 2018/09/12 v1.8c caption3 kernel (AR)
Package caption3 Info: TeX engine: e-TeX on input line 64.
\captionmargin=\dimen176
\captionmargin@=\dimen177
\captionwidth=\dimen178
\caption@tempdima=\dimen179
\caption@indent=\dimen180
\caption@parindent=\dimen181
\caption@hangindent=\dimen182
)
Package caption Info: We need package `newfloat' on input line 289.

(/usr/local/texlive/2019/texmf-dist/tex/latex/caption/newfloat.sty
Package: newfloat 2018/03/04 v1.1a Defining new floating environments (AR)
)
\c@caption@flags=\count289
\c@ContinuedFloat=\count290
Package caption Info: hyperref package is loaded.
Package caption Info: listings package is loaded.
)
(/usr/local/texlive/2019/texmf-dist/tex/latex/microtype/microtype.sty
Package: microtype 2019/02/28 v2.7b Micro-typographical refinements (RS)
\MT@toks=\toks24
\MT@count=\count291
LaTeX Info: Redefining \textls on input line 790.
\MT@outer@kern=\dimen183
LaTeX Info: Redefining \textmicrotypecontext on input line 1336.
\MT@listname@count=\count292

(/usr/local/texlive/2019/texmf-dist/tex/latex/microtype/microtype-xetex.def
File: microtype-xetex.def 2019/02/28 v2.7b Definitions specific to xetex (RS)
LaTeX Info: Redefining \lsstyle on input line 258.
)
Package microtype Info: Loading configuration file microtype.cfg.

(/usr/local/texlive/2019/texmf-dist/tex/latex/microtype/microtype.cfg
File: microtype.cfg 2019/02/28 v2.7b microtype main configuration file (RS)
))
(/usr/local/texlive/2019/texmf-dist/tex/latex/fancyhdr/fancyhdr.sty
Package: fancyhdr 2019/01/31 v3.10 Extensive control of page headers and footer
s
\f@nch@headwidth=\skip64
\f@nch@O@elh=\skip65
\f@nch@O@erh=\skip66
\f@nch@O@olh=\skip67
\f@nch@O@orh=\skip68
\f@nch@O@elf=\skip69
\f@nch@O@erf=\skip70
\f@nch@O@olf=\skip71
\f@nch@O@orf=\skip72
)
(/usr/local/texlive/2019/texmf-dist/tex/latex/titlesec/titlesec.sty
Package: titlesec 2016/03/21 v2.10.2 Sectioning titles
\ttl@box=\box51
\beforetitleunit=\skip73
\aftertitleunit=\skip74
\ttl@plus=\dimen184
\ttl@minus=\dimen185
\ttl@toksa=\toks25
\titlewidth=\dimen186
\titlewidthlast=\dimen187
\titlewidthfirst=\dimen188
)
(/usr/local/texlive/2019/texmf-dist/tex/latex/titling/titling.sty
Package: titling 2009/09/04 v2.1d maketitle typesetting
\thanksmarkwidth=\skip75
\thanksmargin=\skip76
\droptitle=\skip77
)
(/usr/local/texlive/2019/texmf-dist/tex/latex/tocloft/tocloft.sty
Package: tocloft 2017/08/31 v2.3i parameterised ToC, etc., typesetting
Package tocloft Info: The document has chapter divisions on input line 51.
\cftparskip=\skip78
\cftbeforetoctitleskip=\skip79
\cftaftertoctitleskip=\skip80
\cftbeforepartskip=\skip81
\cftpartnumwidth=\skip82
\cftpartindent=\skip83
\cftbeforechapskip=\skip84
\cftchapindent=\skip85
\cftchapnumwidth=\skip86
\cftbeforesecskip=\skip87
\cftsecindent=\skip88
\cftsecnumwidth=\skip89
\cftbeforesubsecskip=\skip90
\cftsubsecindent=\skip91
\cftsubsecnumwidth=\skip92
\cftbeforesubsubsecskip=\skip93
\cftsubsubsecindent=\skip94
\cftsubsubsecnumwidth=\skip95
\cftbeforeparaskip=\skip96
\cftparaindent=\skip97
\cftparanumwidth=\skip98
\cftbeforesubparaskip=\skip99
\cftsubparaindent=\skip100
\cftsubparanumwidth=\skip101
\cftbeforeloftitleskip=\skip102
\cftafterloftitleskip=\skip103
\cftbeforefigskip=\skip104
\cftfigindent=\skip105
\cftfignumwidth=\skip106
\c@lofdepth=\count293
\c@lotdepth=\count294
\cftbeforelottitleskip=\skip107
\cftafterlottitleskip=\skip108
\cftbeforetabskip=\skip109
\cfttabindent=\skip110
\cfttabnumwidth=\skip111
)
(/usr/local/texlive/2019/texmf-dist/tex/latex/appendix/appendix.sty
Package: appendix 2009/09/02 v1.2b extra appendix facilities
\c@@pps=\count295
\c@@ppsavesec=\count296
\c@@ppsaveapp=\count297
)
(/usr/local/texlive/2019/texmf-dist/tex/latex/natbib/natbib.sty
Package: natbib 2010/09/13 8.31b (PWD, AO)
\bibhang=\skip112
\bibsep=\skip113
LaTeX Info: Redefining \cite on input line 694.
\c@NAT@ctr=\count298
)
(/usr/local/texlive/2019/texmf-dist/tex/latex/quotchap/quotchap.sty
Package: quotchap 2012/10/20 v1.1 Decorative Chapter Headings with Quotes
\@quotebox=\box52
)
\mybibindent=\skip114
Package hyperref Info: Option `colorlinks' set `true' on input line 233.
)
(/usr/local/texlive/2019/texmf-dist/tex/latex/todonotes/todonotes.sty
Package: todonotes 2019/01/24 v1.1.2 Todonotes source and documentation.
Package: todonotes 2018/11/22

(/usr/local/texlive/2019/texmf-dist/tex/latex/base/ifthen.sty
Package: ifthen 2014/09/29 v1.1c Standard LaTeX ifthen package (DPC)
)
(/usr/local/texlive/2019/texmf-dist/tex/latex/pgf/frontendlayer/tikz.sty
(/usr/local/texlive/2019/texmf-dist/tex/latex/pgf/basiclayer/pgf.sty
(/usr/local/texlive/2019/texmf-dist/tex/latex/pgf/utilities/pgfrcs.sty
(/usr/local/texlive/2019/texmf-dist/tex/generic/pgf/utilities/pgfutil-common.te
x
\pgfutil@everybye=\toks26
\pgfutil@tempdima=\dimen189
\pgfutil@tempdimb=\dimen190

(/usr/local/texlive/2019/texmf-dist/tex/generic/pgf/utilities/pgfutil-common-li
sts.tex))
(/usr/local/texlive/2019/texmf-dist/tex/generic/pgf/utilities/pgfutil-latex.def
\pgfutil@abb=\box53
(/usr/local/texlive/2019/texmf-dist/tex/latex/ms/everyshi.sty
Package: everyshi 2001/05/15 v3.00 EveryShipout Package (MS)
))
(/usr/local/texlive/2019/texmf-dist/tex/generic/pgf/utilities/pgfrcs.code.tex
(/usr/local/texlive/2019/texmf-dist/tex/generic/pgf/pgf.revision.tex)
Package: pgfrcs 2019/04/04 v3.1.2 (3.1.2)
))
Package: pgf 2019/04/04 v3.1.2 (3.1.2)

(/usr/local/texlive/2019/texmf-dist/tex/latex/pgf/basiclayer/pgfcore.sty
(/usr/local/texlive/2019/texmf-dist/tex/latex/pgf/systemlayer/pgfsys.sty
(/usr/local/texlive/2019/texmf-dist/tex/generic/pgf/systemlayer/pgfsys.code.tex
Package: pgfsys 2019/04/04 v3.1.2 (3.1.2)
(/usr/local/texlive/2019/texmf-dist/tex/generic/pgf/utilities/pgfkeys.code.tex
\pgfkeys@pathtoks=\toks27
\pgfkeys@temptoks=\toks28

(/usr/local/texlive/2019/texmf-dist/tex/generic/pgf/utilities/pgfkeysfiltered.c
ode.tex
\pgfkeys@tmptoks=\toks29
))
\pgf@x=\dimen191
\pgf@y=\dimen192
\pgf@xa=\dimen193
\pgf@ya=\dimen194
\pgf@xb=\dimen195
\pgf@yb=\dimen196
\pgf@xc=\dimen197
\pgf@yc=\dimen198
\w@pgf@writea=\write3
\r@pgf@reada=\read3
\c@pgf@counta=\count299
\c@pgf@countb=\count300
\c@pgf@countc=\count301
\c@pgf@countd=\count302
\t@pgf@toka=\toks30
\t@pgf@tokb=\toks31
\t@pgf@tokc=\toks32
\pgf@sys@id@count=\count303

(/usr/local/texlive/2019/texmf-dist/tex/generic/pgf/systemlayer/pgf.cfg
File: pgf.cfg 2019/04/04 v3.1.2 (3.1.2)
)
Driver file for pgf: pgfsys-xetex.def

(/usr/local/texlive/2019/texmf-dist/tex/generic/pgf/systemlayer/pgfsys-xetex.de
f
File: pgfsys-xetex.def 2019/04/04 v3.1.2 (3.1.2)

(/usr/local/texlive/2019/texmf-dist/tex/generic/pgf/systemlayer/pgfsys-dvipdfmx
.def
File: pgfsys-dvipdfmx.def 2019/04/04 v3.1.2 (3.1.2)

(/usr/local/texlive/2019/texmf-dist/tex/generic/pgf/systemlayer/pgfsys-common-p
df.def
File: pgfsys-common-pdf.def 2019/04/04 v3.1.2 (3.1.2)
)
\pgfsys@objnum=\count304
)))
(/usr/local/texlive/2019/texmf-dist/tex/generic/pgf/systemlayer/pgfsyssoftpath.
code.tex
File: pgfsyssoftpath.code.tex 2019/04/04 v3.1.2 (3.1.2)
\pgfsyssoftpath@smallbuffer@items=\count305
\pgfsyssoftpath@bigbuffer@items=\count306
)
(/usr/local/texlive/2019/texmf-dist/tex/generic/pgf/systemlayer/pgfsysprotocol.
code.tex
File: pgfsysprotocol.code.tex 2019/04/04 v3.1.2 (3.1.2)
))
(/usr/local/texlive/2019/texmf-dist/tex/generic/pgf/basiclayer/pgfcore.code.tex
Package: pgfcore 2019/04/04 v3.1.2 (3.1.2)
(/usr/local/texlive/2019/texmf-dist/tex/generic/pgf/math/pgfmath.code.tex
(/usr/local/texlive/2019/texmf-dist/tex/generic/pgf/math/pgfmathcalc.code.tex
(/usr/local/texlive/2019/texmf-dist/tex/generic/pgf/math/pgfmathutil.code.tex)
(/usr/local/texlive/2019/texmf-dist/tex/generic/pgf/math/pgfmathparser.code.tex
\pgfmath@dimen=\dimen199
\pgfmath@count=\count307
\pgfmath@box=\box54
\pgfmath@toks=\toks33
\pgfmath@stack@operand=\toks34
\pgfmath@stack@operation=\toks35
)
(/usr/local/texlive/2019/texmf-dist/tex/generic/pgf/math/pgfmathfunctions.code.
tex
(/usr/local/texlive/2019/texmf-dist/tex/generic/pgf/math/pgfmathfunctions.basic
.code.tex)
(/usr/local/texlive/2019/texmf-dist/tex/generic/pgf/math/pgfmathfunctions.trigo
nometric.code.tex)
(/usr/local/texlive/2019/texmf-dist/tex/generic/pgf/math/pgfmathfunctions.rando
m.code.tex)
(/usr/local/texlive/2019/texmf-dist/tex/generic/pgf/math/pgfmathfunctions.compa
rison.code.tex)
(/usr/local/texlive/2019/texmf-dist/tex/generic/pgf/math/pgfmathfunctions.base.
code.tex)
(/usr/local/texlive/2019/texmf-dist/tex/generic/pgf/math/pgfmathfunctions.round
.code.tex)
(/usr/local/texlive/2019/texmf-dist/tex/generic/pgf/math/pgfmathfunctions.misc.
code.tex)
(/usr/local/texlive/2019/texmf-dist/tex/generic/pgf/math/pgfmathfunctions.integ
erarithmetics.code.tex)))
(/usr/local/texlive/2019/texmf-dist/tex/generic/pgf/math/pgfmathfloat.code.tex
\c@pgfmathroundto@lastzeros=\count308
))
(/usr/local/texlive/2019/texmf-dist/tex/generic/pgf/basiclayer/pgfcorepoints.co
de.tex
File: pgfcorepoints.code.tex 2019/04/04 v3.1.2 (3.1.2)
\pgf@picminx=\dimen256
\pgf@picmaxx=\dimen257
\pgf@picminy=\dimen258
\pgf@picmaxy=\dimen259
\pgf@pathminx=\dimen260
\pgf@pathmaxx=\dimen261
\pgf@pathminy=\dimen262
\pgf@pathmaxy=\dimen263
\pgf@xx=\dimen264
\pgf@xy=\dimen265
\pgf@yx=\dimen266
\pgf@yy=\dimen267
\pgf@zx=\dimen268
\pgf@zy=\dimen269
)
(/usr/local/texlive/2019/texmf-dist/tex/generic/pgf/basiclayer/pgfcorepathconst
ruct.code.tex
File: pgfcorepathconstruct.code.tex 2019/04/04 v3.1.2 (3.1.2)
\pgf@path@lastx=\dimen270
\pgf@path@lasty=\dimen271
)
(/usr/local/texlive/2019/texmf-dist/tex/generic/pgf/basiclayer/pgfcorepathusage
.code.tex
File: pgfcorepathusage.code.tex 2019/04/04 v3.1.2 (3.1.2)
\pgf@shorten@end@additional=\dimen272
\pgf@shorten@start@additional=\dimen273
)
(/usr/local/texlive/2019/texmf-dist/tex/generic/pgf/basiclayer/pgfcorescopes.co
de.tex
File: pgfcorescopes.code.tex 2019/04/04 v3.1.2 (3.1.2)
\pgfpic=\box55
\pgf@hbox=\box56
\pgf@layerbox@main=\box57
\pgf@picture@serial@count=\count309
)
(/usr/local/texlive/2019/texmf-dist/tex/generic/pgf/basiclayer/pgfcoregraphicst
ate.code.tex
File: pgfcoregraphicstate.code.tex 2019/04/04 v3.1.2 (3.1.2)
\pgflinewidth=\dimen274
)
(/usr/local/texlive/2019/texmf-dist/tex/generic/pgf/basiclayer/pgfcoretransform
ations.code.tex
File: pgfcoretransformations.code.tex 2019/04/04 v3.1.2 (3.1.2)
\pgf@pt@x=\dimen275
\pgf@pt@y=\dimen276
\pgf@pt@temp=\dimen277
)
(/usr/local/texlive/2019/texmf-dist/tex/generic/pgf/basiclayer/pgfcorequick.cod
e.tex
File: pgfcorequick.code.tex 2019/04/04 v3.1.2 (3.1.2)
)
(/usr/local/texlive/2019/texmf-dist/tex/generic/pgf/basiclayer/pgfcoreobjects.c
ode.tex
File: pgfcoreobjects.code.tex 2019/04/04 v3.1.2 (3.1.2)
)
(/usr/local/texlive/2019/texmf-dist/tex/generic/pgf/basiclayer/pgfcorepathproce
ssing.code.tex
File: pgfcorepathprocessing.code.tex 2019/04/04 v3.1.2 (3.1.2)
)
(/usr/local/texlive/2019/texmf-dist/tex/generic/pgf/basiclayer/pgfcorearrows.co
de.tex
File: pgfcorearrows.code.tex 2019/04/04 v3.1.2 (3.1.2)
\pgfarrowsep=\dimen278
)
(/usr/local/texlive/2019/texmf-dist/tex/generic/pgf/basiclayer/pgfcoreshade.cod
e.tex
File: pgfcoreshade.code.tex 2019/04/04 v3.1.2 (3.1.2)
\pgf@max=\dimen279
\pgf@sys@shading@range@num=\count310
\pgf@shadingcount=\count311
)
(/usr/local/texlive/2019/texmf-dist/tex/generic/pgf/basiclayer/pgfcoreimage.cod
e.tex
File: pgfcoreimage.code.tex 2019/04/04 v3.1.2 (3.1.2)

(/usr/local/texlive/2019/texmf-dist/tex/generic/pgf/basiclayer/pgfcoreexternal.
code.tex
File: pgfcoreexternal.code.tex 2019/04/04 v3.1.2 (3.1.2)
\pgfexternal@startupbox=\box58
))
(/usr/local/texlive/2019/texmf-dist/tex/generic/pgf/basiclayer/pgfcorelayers.co
de.tex
File: pgfcorelayers.code.tex 2019/04/04 v3.1.2 (3.1.2)
)
(/usr/local/texlive/2019/texmf-dist/tex/generic/pgf/basiclayer/pgfcoretranspare
ncy.code.tex
File: pgfcoretransparency.code.tex 2019/04/04 v3.1.2 (3.1.2)
)
(/usr/local/texlive/2019/texmf-dist/tex/generic/pgf/basiclayer/pgfcorepatterns.
code.tex
File: pgfcorepatterns.code.tex 2019/04/04 v3.1.2 (3.1.2)
)
(/usr/local/texlive/2019/texmf-dist/tex/generic/pgf/basiclayer/pgfcorerdf.code.
tex
File: pgfcorerdf.code.tex 2019/04/04 v3.1.2 (3.1.2)
)))
(/usr/local/texlive/2019/texmf-dist/tex/generic/pgf/modules/pgfmoduleshapes.cod
e.tex
File: pgfmoduleshapes.code.tex 2019/04/04 v3.1.2 (3.1.2)
\pgfnodeparttextbox=\box59
)
(/usr/local/texlive/2019/texmf-dist/tex/generic/pgf/modules/pgfmoduleplot.code.
tex
File: pgfmoduleplot.code.tex 2019/04/04 v3.1.2 (3.1.2)
)
(/usr/local/texlive/2019/texmf-dist/tex/latex/pgf/compatibility/pgfcomp-version
-0-65.sty
Package: pgfcomp-version-0-65 2019/04/04 v3.1.2 (3.1.2)
\pgf@nodesepstart=\dimen280
\pgf@nodesepend=\dimen281
)
(/usr/local/texlive/2019/texmf-dist/tex/latex/pgf/compatibility/pgfcomp-version
-1-18.sty
Package: pgfcomp-version-1-18 2019/04/04 v3.1.2 (3.1.2)
))
(/usr/local/texlive/2019/texmf-dist/tex/latex/pgf/utilities/pgffor.sty
(/usr/local/texlive/2019/texmf-dist/tex/latex/pgf/utilities/pgfkeys.sty
(/usr/local/texlive/2019/texmf-dist/tex/generic/pgf/utilities/pgfkeys.code.tex)
) (/usr/local/texlive/2019/texmf-dist/tex/latex/pgf/math/pgfmath.sty
(/usr/local/texlive/2019/texmf-dist/tex/generic/pgf/math/pgfmath.code.tex))
(/usr/local/texlive/2019/texmf-dist/tex/generic/pgf/utilities/pgffor.code.tex
Package: pgffor 2019/04/04 v3.1.2 (3.1.2)

(/usr/local/texlive/2019/texmf-dist/tex/generic/pgf/math/pgfmath.code.tex)
\pgffor@iter=\dimen282
\pgffor@skip=\dimen283
\pgffor@stack=\toks36
\pgffor@toks=\toks37
))
(/usr/local/texlive/2019/texmf-dist/tex/generic/pgf/frontendlayer/tikz/tikz.cod
e.tex
Package: tikz 2019/04/04 v3.1.2 (3.1.2)

(/usr/local/texlive/2019/texmf-dist/tex/generic/pgf/libraries/pgflibraryplothan
dlers.code.tex
File: pgflibraryplothandlers.code.tex 2019/04/04 v3.1.2 (3.1.2)
\pgf@plot@mark@count=\count312
\pgfplotmarksize=\dimen284
)
\tikz@lastx=\dimen285
\tikz@lasty=\dimen286
\tikz@lastxsaved=\dimen287
\tikz@lastysaved=\dimen288
\tikzleveldistance=\dimen289
\tikzsiblingdistance=\dimen290
\tikz@figbox=\box60
\tikz@figbox@bg=\box61
\tikz@tempbox=\box62
\tikz@tempbox@bg=\box63
\tikztreelevel=\count313
\tikznumberofchildren=\count314
\tikznumberofcurrentchild=\count315
\tikz@fig@count=\count316

(/usr/local/texlive/2019/texmf-dist/tex/generic/pgf/modules/pgfmodulematrix.cod
e.tex
File: pgfmodulematrix.code.tex 2019/04/04 v3.1.2 (3.1.2)
\pgfmatrixcurrentrow=\count317
\pgfmatrixcurrentcolumn=\count318
\pgf@matrix@numberofcolumns=\count319
)
\tikz@expandcount=\count320

(/usr/local/texlive/2019/texmf-dist/tex/generic/pgf/frontendlayer/tikz/librarie
s/tikzlibrarytopaths.code.tex
File: tikzlibrarytopaths.code.tex 2019/04/04 v3.1.2 (3.1.2)
)))
(/usr/local/texlive/2019/texmf-dist/tex/generic/pgf/frontendlayer/tikz/librarie
s/tikzlibrarypositioning.code.tex
File: tikzlibrarypositioning.code.tex 2019/04/04 v3.1.2 (3.1.2)
)
(/usr/local/texlive/2019/texmf-dist/tex/generic/pgf/frontendlayer/tikz/librarie
s/tikzlibraryshadows.code.tex
File: tikzlibraryshadows.code.tex 2019/04/04 v3.1.2 (3.1.2)

(/usr/local/texlive/2019/texmf-dist/tex/generic/pgf/frontendlayer/tikz/librarie
s/tikzlibraryfadings.code.tex
File: tikzlibraryfadings.code.tex 2019/04/04 v3.1.2 (3.1.2)

(/usr/local/texlive/2019/texmf-dist/tex/generic/pgf/libraries/pgflibraryfadings
.code.tex
File: pgflibraryfadings.code.tex 2019/04/04 v3.1.2 (3.1.2)
))) (/usr/local/texlive/2019/texmf-dist/tex/latex/tools/calc.sty
Package: calc 2017/05/25 v4.3 Infix arithmetic (KKT,FJ)
\calc@Acount=\count321
\calc@Bcount=\count322
\calc@Adimen=\dimen291
\calc@Bdimen=\dimen292
\calc@Askip=\skip115
\calc@Bskip=\skip116
LaTeX Info: Redefining \setlength on input line 80.
LaTeX Info: Redefining \addtolength on input line 81.
\calc@Ccount=\count323
\calc@Cskip=\skip117
)
\c@@todonotes@numberoftodonotes=\count324
)
(./dissertation.aux (./chapters/introduction.aux) (./chapters/database.aux)
(./chapters/singlecell.aux) (./chapters/cellculture.aux) (./chapters/stroke.aux
) (./chapters/discussion.aux) (./chapters/conclusion.aux)
(./chapters/appendixA.aux))
\openout1 = `dissertation.aux'.

LaTeX Font Info:    Checking defaults for OML/cmm/m/it on input line 11.
LaTeX Font Info:    ... okay on input line 11.
LaTeX Font Info:    Checking defaults for T1/cmr/m/n on input line 11.
LaTeX Font Info:    ... okay on input line 11.
LaTeX Font Info:    Checking defaults for OT1/cmr/m/n on input line 11.
LaTeX Font Info:    ... okay on input line 11.
LaTeX Font Info:    Checking defaults for OMS/cmsy/m/n on input line 11.
LaTeX Font Info:    ... okay on input line 11.
LaTeX Font Info:    Checking defaults for TU/lmr/m/n on input line 11.
LaTeX Font Info:    ... okay on input line 11.
LaTeX Font Info:    Checking defaults for OMX/cmex/m/n on input line 11.
LaTeX Font Info:    ... okay on input line 11.
LaTeX Font Info:    Checking defaults for U/cmr/m/n on input line 11.
LaTeX Font Info:    ... okay on input line 11.
LaTeX Font Info:    Checking defaults for PD1/pdf/m/n on input line 11.
LaTeX Font Info:    ... okay on input line 11.
LaTeX Font Info:    Checking defaults for PU/pdf/m/n on input line 11.
LaTeX Font Info:    ... okay on input line 11.

*geometry* driver: auto-detecting
*geometry* detected driver: xetex
*geometry* verbose mode - [ preamble ] result:
* driver: xetex
* paper: a4paper
* layout: <same size as paper>
* layoutoffset:(h,v)=(0.0pt,0.0pt)
* bindingoffset: 14.22636pt
* modes: 
* h-part:(L,W,R)=(85.35826pt, 412.56499pt, 85.35826pt)
* v-part:(T,H,B)=(71.13188pt, 702.78308pt, 71.13188pt)
* \paperwidth=597.50787pt
* \paperheight=845.04684pt
* \textwidth=412.56499pt
* \textheight=702.78308pt
* \oddsidemargin=27.31464pt
* \evensidemargin=13.08827pt
* \topmargin=-33.0119pt
* \headheight=15.0pt
* \headsep=19.8738pt
* \topskip=12.0pt
* \footskip=30.0pt
* \marginparwidth=38.0pt
* \marginparsep=7.0pt
* \columnsep=10.0pt
* \skip\footins=10.8pt plus 4.0pt minus 2.0pt
* \hoffset=0.0pt
* \voffset=0.0pt
* \mag=1000
* \@twocolumnfalse
* \@twosidefalse
* \@mparswitchfalse
* \@reversemarginfalse
* (1in=72.27pt=25.4mm, 1cm=28.453pt)

ABD: EverySelectfont initializing macros
LaTeX Info: Redefining \selectfont on input line 11.
\c@lstlisting=\count325
\AtBeginShipoutBox=\box64
Package hyperref Info: Link coloring ON on input line 11.

(/usr/local/texlive/2019/texmf-dist/tex/latex/hyperref/nameref.sty
Package: nameref 2016/05/21 v2.44 Cross-referencing by name of section

(/usr/local/texlive/2019/texmf-dist/tex/generic/oberdiek/gettitlestring.sty
Package: gettitlestring 2016/05/16 v1.5 Cleanup title references (HO)
)
\c@section@level=\count326
)
LaTeX Info: Redefining \ref on input line 11.
LaTeX Info: Redefining \pageref on input line 11.
LaTeX Info: Redefining \nameref on input line 11.

(./dissertation.out) (./dissertation.out)
\@outlinefile=\write4
\openout4 = `dissertation.out'.

Package caption Info: Begin \AtBeginDocument code.
Package caption Info: End \AtBeginDocument code.
Package caption Info: We need package `ragged2e' on input line 11.
LaTeX Info: Redefining \microtypecontext on input line 11.
Package microtype Info: Character protrusion enabled (level 2).
Package microtype Info: Using default protrusion set `alltext'.
Package microtype Info: No adjustment of tracking.
Package microtype Info: No adjustment of spacing.
Package microtype Info: No adjustment of kerning.
Package microtype Info: Loading generic protrusion settings for font family
(microtype)             `EBGaramond' (encoding: TU).
(microtype)             For optimal results, create family-specific settings.
(microtype)             See the microtype manual for details.

ABD: EveryShipout initializing macros

Package todonotes Warning: The length marginparwidth is less than 2cm and will 
most likely cause issues with the appearance of inserted todonotes. The issue c
an be solved by adding a line like \setlength {\marginparwidth }{2cm} prior to 
loading the todonotes package. on input line 11.

(./frontmatter/personalize.tex) (./frontmatter/personalize.tex)
LaTeX Font Info:    Font shape `TU/EBGaramond(2)/m/n' will be
(Font)              scaled to size 24.88pt on input line 17.
LaTeX Font Info:    Font shape `TU/EBGaramond(2)/m/sc' will be
(Font)              scaled to size 12.0pt on input line 17.

(/usr/local/texlive/2019/texmf-dist/tex/generic/oberdiek/se-ascii-print.def
File: se-ascii-print.def 2016/05/16 v1.11 stringenc: Printable ASCII characters

)
[1

]
LaTeX Font Info:    Font shape `TU/EBGaramond(2)/m/sc' will be
(Font)              scaled to size 10.95pt on input line 17.
LaTeX Font Info:    Font shape `TU/EBGaramond(2)/m/n' will be
(Font)              scaled to size 10.95pt on input line 17.
 [2]
LaTeX Font Info:    Font shape `TU/EBGaramond(2)/m/n' will be
(Font)              scaled to size 17.28pt on input line 17.
 (./frontmatter/abstract.tex) [3]
LaTeX Font Info:    Try loading font information for T1+ppl on input line 17.

(/usr/local/texlive/2019/texmf-dist/tex/latex/psnfss/t1ppl.fd
File: t1ppl.fd 2001/06/04 font definitions for T1/ppl.
)
(/usr/local/texlive/2019/texmf-dist/tex/latex/microtype/mt-ppl.cfg
File: mt-ppl.cfg 2005/11/16 v1.6 microtype config. file: Palatino (RS)
)
(./dissertation.toc
LaTeX Font Info:    Font shape `TU/EBGaramond(2)/bx/n' will be
(Font)              scaled to size 10.95pt on input line 1.

(/usr/local/texlive/2019/texmf-dist/tex/latex/microtype/mt-cmr.cfg
File: mt-cmr.cfg 2013/05/19 v2.2 microtype config. file: Computer Modern Roman 
(RS)
)
LaTeX Font Info:    Try loading font information for U+msa on input line 1.

(/usr/local/texlive/2019/texmf-dist/tex/latex/amsfonts/umsa.fd
File: umsa.fd 2013/01/14 v3.01 AMS symbols A
)
(/usr/local/texlive/2019/texmf-dist/tex/latex/microtype/mt-msa.cfg
File: mt-msa.cfg 2006/02/04 v1.1 microtype config. file: AMS symbols (a) (RS)
)
LaTeX Font Info:    Try loading font information for U+msb on input line 1.

(/usr/local/texlive/2019/texmf-dist/tex/latex/amsfonts/umsb.fd
File: umsb.fd 2013/01/14 v3.01 AMS symbols B
)
(/usr/local/texlive/2019/texmf-dist/tex/latex/microtype/mt-msb.cfg
File: mt-msb.cfg 2005/06/01 v1.0 microtype config. file: AMS symbols (b) (RS)
)
Overfull \hbox (6.29678pt too wide) in paragraph at lines 28--28
 [][] [][][]\TU/EBGaramond(2)/m/sc/12 microRNA Dynamics in Cholinergic Differen
tiation of Human Neu- 
 []

)
\tf@toc=\write5
\openout5 = `dissertation.toc'.

 [4

] (./frontmatter/dedication.tex
LaTeX Font Info:    Font shape `TU/EBGaramond(2)/m/sc' will be
(Font)              scaled to size 10.0pt on input line 7.
LaTeX Font Info:    Font shape `TU/EBGaramond(2)/m/sl' in size <10> not availab
le
(Font)              Font shape `TU/EBGaramond(2)/m/it' tried instead on input l
ine 7.
LaTeX Font Info:    Font shape `TU/EBGaramond(2)/m/it' will be
(Font)              scaled to size 10.0pt on input line 7.
LaTeX Font Info:    Font shape `TU/EBGaramond(2)/m/n' will be
(Font)              scaled to size 10.0pt on input line 11.
) [5

] (./frontmatter/thanks.tex) [6


]
\openout2 = `chapters/introduction.aux'.


(./chapters/introduction.tex
Chapter 0.
LaTeX Font Info:    Font shape `TU/EBGaramond(2)/m/n' will be
(Font)              scaled to size 8.0pt on input line 5.

Overfull \hbox (5.3333pt too wide) in paragraph at lines 9--10
[]\TU/EBGaramond(2)/m/n/10.95 This holds particularly true for the only recentl
y discovered cortical cholinergic interneurons, which,
 []

[1


]
File: figures/projections.pdf Graphic file (type pdf)
<use figures/projections.pdf>
LaTeX Font Info:    Font shape `TU/EBGaramond(2)/bx/n' will be
(Font)              scaled to size 12.0pt on input line 14.
LaTeX Font Info:    Font shape `TU/LatoRegular(0)/bx/n' will be
(Font)              scaled to size 9.35669pt on input line 14.
Package microtype Info: Loading generic protrusion settings for font family
(microtype)             `LatoRegular' (encoding: TU).
(microtype)             For optimal results, create family-specific settings.
(microtype)             See the microtype manual for details.
LaTeX Font Info:    Font shape `TU/LatoRegular(0)/bx/n' will be
(Font)              scaled to size 7.79724pt on input line 14.
LaTeX Font Info:    Font shape `TU/LatoRegular(0)/m/n' will be
(Font)              scaled to size 9.4768pt on input line 14.
LaTeX Font Info:    Font shape `TU/LatoRegular(0)/m/n' will be
(Font)              scaled to size 7.89734pt on input line 14.
 [2]
Package hyperref Info: bookmark level for unknown todo defaults to 0 on input l
ine 28.
LaTeX Font Info:    Font shape `TU/EBGaramond(2)/m/n' will be
(Font)              scaled to size 6.0pt on input line 28.
LaTeX Font Info:    Font shape `TU/EBGaramond(2)/m/it' will be
(Font)              scaled to size 10.95pt on input line 38.
 [3]
Overfull \hbox (3.7346pt too wide) in paragraph at lines 46--47
[]\TU/EBGaramond(2)/m/n/10.95 For the sake of simplicity, all descriptions of g
enomics and transcriptomics matters, genes, miRNAs,
 []

[4] [5]
Overfull \hbox (21.59038pt too wide) in paragraph at lines 73--74
[]\TU/EBGaramond(2)/m/n/10.95 On the other hand, multiple groups have identifie
d tRFs to function not in an antisense-complementary
 []

[6] [7]
Overfull \hbox (3.46492pt too wide) in paragraph at lines 94--95
[]\TU/EBGaramond(2)/m/n/10.95 Combining all aspects of transcriptional interact
ion presents additional challenges. A simple model
 []

[8]) [9]
\openout2 = `chapters/database.aux'.

 (./chapters/database.tex
Chapter 1.
LaTeX Font Info:    Font shape `TU/EBGaramond(2)/m/it' will be
(Font)              scaled to size 24.88pt on input line 7.

Overfull \hbox (11.24385pt too wide) in paragraph at lines 11--12
\TU/EBGaramond(2)/m/n/10.95 All materials used in the creation of \TU/EBGaramon
d(2)/m/it/10.95 miRNet \TU/EBGaramond(2)/m/n/10.95 have been acquired from reso
urces that are non-commercial,
 []

[10



] [11]
LaTeX Font Info:    Font shape `TU/SourceCodePro(0)/m/n' will be
(Font)              scaled to size 9.12494pt on input line 28.
Package microtype Info: Loading generic protrusion settings for font family
(microtype)             `SourceCodePro' (encoding: TU).
(microtype)             For optimal results, create family-specific settings.
(microtype)             See the microtype manual for details.
LaTeX Font Info:    Font shape `TU/SourceCodePro(0)/m/it' will be
(Font)              scaled to size 9.12494pt on input line 28.
 [12]

Package fontspec Info: Font family 'EBGaramond(4)' created for font 'EB
(fontspec)             Garamond' with options
(fontspec)             [Ligatures=TeX,Numbers=OldStyle,Ligatures={Common,
(fontspec)             TeX},Scale=1.0,RawFeature=+tnum].
(fontspec)              
(fontspec)              This font family consists of the following NFSS
(fontspec)             series/shapes:
(fontspec)              
(fontspec)             - 'normal' (m/n) with NFSS spec.: <->s*[1.0]"EB
(fontspec)             Garamond/OT:script=latn;language=DFLT;+onum;+liga;+tnum;
mapping=tex-text;"
(fontspec)             - 'small caps'  (m/sc) with NFSS spec.: <->s*[1.0]"EB
(fontspec)             Garamond/OT:script=latn;language=DFLT;+onum;+liga;+tnum;
+smcp;mapping=tex-text;"
(fontspec)             - 'bold' (bx/n) with NFSS spec.: <->s*[1.0]"EB
(fontspec)             Garamond/B/OT:script=latn;language=DFLT;+onum;+liga;+tnu
m;mapping=tex-text;"
(fontspec)             - 'bold small caps'  (bx/sc) with NFSS spec.:
(fontspec)             <->s*[1.0]"EB
(fontspec)             Garamond/B/OT:script=latn;language=DFLT;+onum;+liga;+tnu
m;+smcp;mapping=tex-text;"
(fontspec)             - 'italic' (m/it) with NFSS spec.: <->s*[1.0]"EB
(fontspec)             Garamond/I/OT:script=latn;language=DFLT;+onum;+liga;+tnu
m;mapping=tex-text;"
(fontspec)             - 'italic small caps'  (m/itsc) with NFSS spec.:
(fontspec)             <->s*[1.0]"EB
(fontspec)             Garamond/I/OT:script=latn;language=DFLT;+onum;+liga;+tnu
m;+smcp;mapping=tex-text;"
(fontspec)             - 'bold italic' (bx/it) with NFSS spec.: <->s*[1.0]"EB
(fontspec)             Garamond/BI/OT:script=latn;language=DFLT;+onum;+liga;+tn
um;mapping=tex-text;"
(fontspec)             - 'bold italic small caps'  (bx/itsc) with NFSS spec.:
(fontspec)             <->s*[1.0]"EB
(fontspec)             Garamond/BI/OT:script=latn;language=DFLT;+onum;+liga;+tn
um;+smcp;mapping=tex-text;"

LaTeX Font Info:    Font shape `TU/EBGaramond(4)/m/n' will be
(Font)              scaled to size 12.0pt on input line 44.


LaTeX Warning: Marginpar on page 13 moved.


Overfull \hbox (1.47086pt too wide) in paragraph at lines 88--89
[]\TU/EBGaramond(2)/m/n/10.95 The collected (human) data comprises XX miRNA$\OM
S/cmsy/m/n/10.95 !$\TU/EBGaramond(2)/m/n/10.95 gene targeting predictions (all 
12 algorithms)
 []

[13] [14] [15] [16] [17] [18] [19]) [20]
\openout2 = `chapters/singlecell.aux'.

 (./chapters/singlecell.tex
Chapter 2.
) [21



]
\openout2 = `chapters/cellculture.aux'.

 (./chapters/cellculture.tex
Chapter 3.
) [22



] [23]
\openout2 = `chapters/stroke.aux'.

 (./chapters/stroke.tex
Chapter 4.
) [24



] [25]
\openout2 = `chapters/discussion.aux'.

 (./chapters/discussion.tex
Chapter 5.
[26



]
Overfull \hbox (2.35605pt too wide) in paragraph at lines 21--22
[]\TU/EBGaramond(2)/m/n/10.95 Pellentesque vel dui sed orci faucibus iaculis. S
uspendisse dictum magna id purus tincidunt rutrum.
 []

[27]
Overfull \hbox (6.02432pt too wide) in paragraph at lines 25--26
[]\TU/EBGaramond(2)/m/n/10.95 Pellentesque habitant morbi tristique senectus et
 netus et malesuada fames ac turpis egestas. Vestibu-
 []

) [28]
\openout2 = `chapters/conclusion.aux'.

 (./chapters/conclusion.tex
Chapter 6.

Overfull \hbox (6.02432pt too wide) in paragraph at lines 9--10
[]\TU/EBGaramond(2)/m/n/10.95 Pellentesque habitant morbi tristique senectus et
 netus et malesuada fames ac turpis egestas. Vestibu-
 []

[29



]) [30] (./dissertation.bbl
Underfull \hbox (badness 1681) in paragraph at lines 22--28
\TU/EBGaramond(2)/m/n/10.95 CHOLINE IN THE SPLEEN OF THE OX AND THE HORSE.  \TU
/EBGaramond(2)/m/it/10.95 J. Physiol.\TU/EBGaramond(2)/m/n/10.95 , 68:
 []


Underfull \hbox (badness 10000) in paragraph at lines 49--59
[]\TU/EBGaramond(2)/m/n/10.95 R Levi-Montalcini and B Booker.  Destruction of t
he sympathetic ganglia in
 []


Underfull \hbox (badness 10000) in paragraph at lines 49--59
\TU/EBGaramond(2)/m/n/10.95 mammals by an antiserum to a nerve-growth protein. 
 \TU/EBGaramond(2)/m/it/10.95 Proceedings of the Na-
 []


Underfull \hbox (badness 5533) in paragraph at lines 49--59
\TU/EBGaramond(2)/m/it/10.95 tional Academy of Sciences\TU/EBGaramond(2)/m/n/10
.95 , 46(3):384391, mar 1960.  ISSN 0027-8424.  doi:
 []


Underfull \hbox (badness 10000) in paragraph at lines 49--59
[] [] [][][] [] [][][][][][][][][][][][][] [] [][][] [] [][][] [] [][][][][][][
][][][][][][] [] [][][][] [] [][][][][] [] [][][][][][][][][][][][][] []
 []

[31



]
Underfull \hbox (badness 3536) in paragraph at lines 96--104
\TU/EBGaramond(2)/m/it/10.95 rochemistry International\TU/EBGaramond(2)/m/n/10.
95 , 61(6):874878, nov 2012.  ISSN 01970186.  doi: $[][] []
 []


Underfull \hbox (badness 4181) in paragraph at lines 163--173
[]\TU/EBGaramond(2)/m/n/10.95 Christian Cole, Andrew Sobala, Cheng Lu, Shawn R 
Thatcher, Andrew Bowman,
 []


Underfull \hbox (badness 1014) in paragraph at lines 163--173
\TU/EBGaramond(2)/m/n/10.95 derived from tRNAs.  \TU/EBGaramond(2)/m/it/10.95 R
NA\TU/EBGaramond(2)/m/n/10.95 , 15(12):21472160, dec 2009.  ISSN 1355-8382.  d
oi:
 []


Underfull \hbox (badness 10000) in paragraph at lines 163--173
[] [] [][][] [] [][][][][][][][][][][][][] [] [][][] [] [][][] [] [][][][][][][
][][][][][][] [] [][][][] [] [][][][][] [] [][][][][][][][][][][][][][] []
 []

[32]
Underfull \hbox (badness 3219) in paragraph at lines 175--183
[]\TU/EBGaramond(2)/m/n/10.95 Yong Sun Lee, Yoshiyuki Shibata, Ankit Malhotra, 
and Anindya Dutta.  A novel
 []


Underfull \hbox (badness 1533) in paragraph at lines 175--183
\TU/EBGaramond(2)/m/n/10.95 class of small RNAs: tRNA-derived RNA fragments (tR
Fs).  \TU/EBGaramond(2)/m/it/10.95 Genes & development\TU/EBGaramond(2)/m/n/10.
95 ,
 []


Underfull \hbox (badness 2096) in paragraph at lines 175--183
\TU/EBGaramond(2)/m/n/10.95 23(22):263949, nov 2009.  ISSN 1549-5477.  doi: $[
][] [] [][][][] [] [][][] [] [][][][][][][]$.  URL
 []


Underfull \hbox (badness 10000) in paragraph at lines 175--183
[][]$[][][][] [] [] [] [][][] [] [][][][] [] [][][] [] [][][] [] [][][] [] [][]
[][][][] [] [][][][][][][][][][][][] [] [] [] [][][] [] [][][][][][][][][][][][
][] []
 []


Underfull \hbox (badness 4819) in paragraph at lines 196--205
[]\TU/EBGaramond(2)/m/n/10.95 Pavel Ivanov, Mohamed M. Emara, Judit Villen, Ste
ven P. Gygi, and Paul Ander-
 []


Underfull \hbox (badness 2452) in paragraph at lines 196--205
\TU/EBGaramond(2)/m/n/10.95 son.  Angiogenin-Induced tRNA Fragments Inhibit Tra
nslation Initiation.  \TU/EBGaramond(2)/m/it/10.95 Molec-
 []


Underfull \hbox (badness 6047) in paragraph at lines 196--205
\TU/EBGaramond(2)/m/it/10.95 ular Cell\TU/EBGaramond(2)/m/n/10.95 , 43(4):6136
23, aug 2011.  ISSN 10972765.  doi: $[][] [] [][][][] [] [] [] [][][][][][] []
 []


Underfull \hbox (badness 10000) in paragraph at lines 196--205
[][][][] [] [][] [] [][][]$\TU/EBGaramond(2)/m/n/10.95 .  URL [][]$[][][][][] [
] [] [] [][][] [] [][][][][][][][][][][][][] [] [][][] [] [][][][][][][] [] [][
][][][][][] [] [][][] []
 []


Underfull \hbox (badness 10000) in paragraph at lines 196--205
[][][][][][][][][][][][][][][][][] [] [][][][][][][][][][][][][][][][][] [] [] 
[] [][][][][][][][][][] [] [][][][][][][][] [] [][][] [] [][][][][][][][] []
 []


Underfull \hbox (badness 3009) in paragraph at lines 219--229
\TU/EBGaramond(2)/m/n/10.95 of tRNA derived RNA fragments reveals that they are
 evolutionarily conserved and
 []


Underfull \hbox (badness 2351) in paragraph at lines 219--229
\TU/EBGaramond(2)/m/n/10.95 associate with AGO proteins to recognize specific R
NA targets.  \TU/EBGaramond(2)/m/it/10.95 BMC Biology\TU/EBGaramond(2)/m/n/10.9
5 , 12
 []


Underfull \hbox (badness 10000) in paragraph at lines 219--229
[] [] [][][] [] [][][][] [] [][][] [] [][][] [] [][][] [] [][][][][][] [] [][][
][][][][][][][][][] [] [] [] [][][] [] [][][][][][][][][][][][][] [] [][][] []
 []


Underfull \hbox (badness 10000) in paragraph at lines 219--229
[][][] [] [][][][][][][][][][][][][] [] [][][][] [] [][][][][] [] [][][][][][][
][][][][][][][] [] [] [] [][][][][][][] [] [][][][][][][][][][][][][] []
 []


Underfull \hbox (badness 2653) in paragraph at lines 232--243
[]\TU/EBGaramond(2)/m/n/10.95 Bingqing Huang, Huipeng Yang, Xixi Cheng, Dan Wan
g, Shuyu Fu, Wencui Shen,
 []


Underfull \hbox (badness 2401) in paragraph at lines 232--243
\TU/EBGaramond(2)/m/n/10.95 1280 Suppresses Stem Celllike Cells and Metastasis
 in Colorectal Cancer.  \TU/EBGaramond(2)/m/it/10.95 Cancer
 []


Underfull \hbox (badness 1248) in paragraph at lines 232--243
\TU/EBGaramond(2)/m/it/10.95 Research\TU/EBGaramond(2)/m/n/10.95 , 77(12):3194
3206, jun 2017.  ISSN 0008-5472.  doi: $[][] [] [][][][] [] [][][][][][][][][][
] []
 []


Underfull \hbox (badness 2529) in paragraph at lines 232--243
[][][][][][][][][][][][][]$\TU/EBGaramond(2)/m/n/10.95 .  URL [][]$[][][][] [] 
[] [] [][][][][][][][][] [] [][][][][][][][][][][][] [] [][][] [] [][][][] [] [
] [] [][][][][][][][][] []
 []

[33]
Underfull \hbox (badness 2310) in paragraph at lines 246--256
[]\TU/EBGaramond(2)/m/n/10.95 Jennifer Gebetsberger, Leander Wyss, Anna M Mlecz
ko, Julia Reuther, and Norbert
 []


Underfull \hbox (badness 4096) in paragraph at lines 246--256
\TU/EBGaramond(2)/m/n/10.95 Polacek.  A tRNA-derived fragment competes with mRN
A for ribosome binding
 []


Underfull \hbox (badness 2486) in paragraph at lines 246--256
\TU/EBGaramond(2)/m/n/10.95 and regulates translation during stress.  \TU/EBGar
amond(2)/m/it/10.95 RNA Biology\TU/EBGaramond(2)/m/n/10.95 , 14(10):13641373, 
oct 2017.
 []


Underfull \hbox (badness 6526) in paragraph at lines 246--256
\TU/EBGaramond(2)/m/n/10.95 ISSN 1547-6286.  doi: $[][] [] [][][][] [] [][][][]
[][][][] [] [][][][] [] [][][][][][][]$.  URL [][]$[][][][][] [] [] [] [][][] [
]
 []


Underfull \hbox (badness 10000) in paragraph at lines 246--256
[][][][][][][][][][][] [] [][][] [] [][][][][][] [] [][][][][][][][][][][][][][
][][][][] [] [][][][][][][][][][][] [] [][][][][][][][][][][] []
 []


Underfull \hbox (badness 1406) in paragraph at lines 259--269
\TU/EBGaramond(2)/m/n/10.95 Tavazoie.  Endogenous tRNA-Derived Fragments Suppre
ss Breast Cancer Progression
 []


Underfull \hbox (badness 1297) in paragraph at lines 259--269
\TU/EBGaramond(2)/m/n/10.95 via YBX1 Displacement.  \TU/EBGaramond(2)/m/it/10.9
5 Cell\TU/EBGaramond(2)/m/n/10.95 , 161(4):790802, may 2015.  ISSN 00928674.  
doi:
 []


Underfull \hbox (badness 10000) in paragraph at lines 259--269
[][] [] [][][][] [] [] [] [][][][] [] [][][][] [] [][] [] [][][]$\TU/EBGaramond
(2)/m/n/10.95 .  URL [][]$[][][][][] [] [] [] [][][] [] [][][][][][][][][][][][
][] [] [][][] [] [][][][][][][] []
 []


Underfull \hbox (badness 10000) in paragraph at lines 259--269
[][][][][][][] [] [][][] [] [][][][][][][][][][][][][][][][][] [] [][][][][][][
][][][][][][][][][][] [] [] [] [][][][][][][][][][] [] [][][][][][][][] []
 []


Underfull \hbox (badness 1515) in paragraph at lines 293--305
\TU/EBGaramond(2)/m/n/10.95 and Kenneth S Kosik.  Regulation of cell-type-speci
fic transcriptomes by microRNA
 []


Underfull \hbox (badness 10000) in paragraph at lines 293--305
[][][] [] [][][] [] [][][][][][] [] [][][][][][][][][][][][] [] [] [] [][][] []
 [][][][][][][][][][][][][] [] [][][] [] [][][] [] [][][][][][][][][][][][][] [
]
 []


Underfull \hbox (badness 1237) in paragraph at lines 311--327
[]\TU/EBGaramond(2)/m/n/10.95 Eric Londin, Phillipe Loher, Aristeidis G Telonis
, Kevin Quann, Peter Clark, Yi Jing,
 []

[34]
Underfull \hbox (badness 3323) in paragraph at lines 388--405
[]\TU/EBGaramond(2)/m/n/10.95 Chih-Hung Chou, Sirjana Shrestha, Chi-Dung Yang, 
Nai-Wen Chang, Yu-Ling Lin,
 []


Underfull \hbox (badness 1831) in paragraph at lines 388--405
\TU/EBGaramond(2)/m/n/10.95 Kuang-Wen Liao, Wei-Chi Huang, Ting-Hsuan Sun, Sian
g-Jyun Tu, Wei-Hsiang Lee,
 []


Underfull \hbox (badness 1137) in paragraph at lines 388--405
\TU/EBGaramond(2)/m/n/10.95 Yi-Shin Wu, Wen-Liang Chen, Meng-Ju Li, Yu-Chun Wu,
 Xin-Yi Huang, Fung Ling
 []


Underfull \hbox (badness 2818) in paragraph at lines 388--405
\TU/EBGaramond(2)/m/n/10.95 Long Weng, Yeong-Nan Cheng, Chao Liang, Wen-Lian Hs
u, and Hsien-Da Huang.
 []


Underfull \hbox (badness 10000) in paragraph at lines 388--405
[] [] [][][] [] [][][][][][][][][][][][][] [] [][][] [] [][][] [] [][][][][][][
][][][][][][] [] [][][][] [] [][][][][] [] [][][][][][][][][][][][][][] []
 []

[35]
Underfull \hbox (badness 2617) in paragraph at lines 407--416
[]\TU/EBGaramond(2)/m/n/10.95 Dong Yue, Hui Liu, and Yufei Huang.  Survey of Co
mputational Algorithms for
 []


Underfull \hbox (badness 1215) in paragraph at lines 407--416
\TU/EBGaramond(2)/m/n/10.95 MicroRNA Target Prediction.  \TU/EBGaramond(2)/m/it
/10.95 Current Genomics\TU/EBGaramond(2)/m/n/10.95 , 10(7):478492, nov 2009.  
ISSN
 []


Underfull \hbox (badness 10000) in paragraph at lines 407--416
[][][][][][] [] [][][][][][][][][][][][] [] [] [] [][][] [] [][][][][][][][][][
][][][] [] [][][] [] [][][] [] [][][][][][][][][][][][][] [] [][][][] []
 []


Underfull \hbox (badness 10000) in paragraph at lines 407--416
[][][][][] [] [][][][][][][][][][][][][][] [] [] [] [][][] [] [][][][][][][][][
][][][] [] [][][] [] [][][][][][][] [] [][][][][][][] [] [][][] [] [][][][][] [
]
 []


Underfull \hbox (badness 6641) in paragraph at lines 426--434
[]\TU/EBGaramond(2)/m/n/10.95 Robin C Friedman, Kyle K.-H. Farh, Christopher B 
Burge, and David P Bartel.
 []


Underfull \hbox (badness 2521) in paragraph at lines 426--434
\TU/EBGaramond(2)/m/n/10.95 Most mammalian mRNAs are conserved targets of micro
RNAs.  \TU/EBGaramond(2)/m/it/10.95 Genome Research\TU/EBGaramond(2)/m/n/10.95 
,
 []


Underfull \hbox (badness 2961) in paragraph at lines 426--434
\TU/EBGaramond(2)/m/n/10.95 19(1):92105, oct 2009.  ISSN 1088-9051.  doi: $[][
] [] [][][][] [] [][] [] [][][][][][] [] [][][]$.  URL
 []


Underfull \hbox (badness 10000) in paragraph at lines 426--434
[][]$[][][][] [] [] [] [][][] [] [][][][] [] [][][] [] [][][] [] [][][] [] [][]
[][][][] [] [][][][][][][][][][][][] [] [] [] [][][] [] [][][][][][][][][][][][
][] []
 []


Underfull \hbox (badness 10000) in paragraph at lines 426--434
[][][] [] [][][] [] [][][][][][][][][][][][][] [] [][][][] [] [][][][][] [] [][
][][][][][][][][][][][][] [] [] [] [][][][][][] [] [][][][][] [] [][][] []
 []


Underfull \hbox (badness 6380) in paragraph at lines 437--447
[]\TU/EBGaramond(2)/m/n/10.95 Panagiotis Alexiou, Manolis Maragkakis, Giorgos L
. Papadopoulos, Martin Reczko,
 []


Underfull \hbox (badness 2384) in paragraph at lines 437--447
\TU/EBGaramond(2)/m/n/10.95 and Artemis G. Hatzigeorgiou.  Lost in translation:
 an assessment and perspective
 []


Underfull \hbox (badness 7576) in paragraph at lines 437--447
\TU/EBGaramond(2)/m/n/10.95 for computational microRNA target identification.  
\TU/EBGaramond(2)/m/it/10.95 Bioinformatics\TU/EBGaramond(2)/m/n/10.95 , 25(23)
:3049
 []


Underfull \hbox (badness 2486) in paragraph at lines 437--447
\TU/EBGaramond(2)/m/n/10.95 3055, dec 2009.  ISSN 1460-2059.  doi: $[][] [] [][
][][] [] [][][][][][][][][][][][][][] [] [][][][][][]$.  URL
 []


Underfull \hbox (badness 10000) in paragraph at lines 437--447
[][]$[][][][] [] [] [] [][][] [] [][][][] [] [][][] [] [][][] [] [][][] [] [][]
[][][][] [] [][][][][][][][][][][][][] [] [] [] [][][][][][][][] [] [][][] [] [
][][] []
 []

[36]
Underfull \hbox (badness 10000) in paragraph at lines 458--462
[][][][][][][][][][][] [] [][][][][][][][][][][][][][][][][][][][][][][][][][][
][][][][][][][][][][][][][][][][][][][][][][][][][][][] []
 []


Underfull \hbox (badness 10000) in paragraph at lines 458--462
[][][][][] [] [][][][][][][][][][][][][][][][][][][][][][][][][][][][] [] [][][
][][][][][][] []
 []


Underfull \hbox (badness 3884) in paragraph at lines 464--473
\TU/EBGaramond(2)/m/n/10.95 acid.  \TU/EBGaramond(2)/m/it/10.95 Developmental B
rain Research\TU/EBGaramond(2)/m/n/10.95 , 102(1):5367, aug 1997.  ISSN 016538
06.
 []

) [37]
\openout2 = `chapters/appendixA.aux'.

 (./chapters/appendixA.tex
Appendix A.
) [38


]
Package atveryend Info: Empty hook `BeforeClearDocument' on input line 58.
Package atveryend Info: Empty hook `AfterLastShipout' on input line 58.
 (./dissertation.aux (./chapters/introduction.aux)
(./chapters/database.aux) (./chapters/singlecell.aux)
(./chapters/cellculture.aux) (./chapters/stroke.aux) (./chapters/discussion.aux
) (./chapters/conclusion.aux) (./chapters/appendixA.aux))
Package atveryend Info: Empty hook `AtVeryEndDocument' on input line 58.
Package atveryend Info: Executing hook `AtEndAfterFileList' on input line 58.
Package rerunfilecheck Info: File `dissertation.out' has not changed.
(rerunfilecheck)             Checksum: F857EEA2E47A65FCCAA0287BEABD9FEC.
 ) 
Here is how much of TeX's memory you used:
 37979 strings out of 492916
 740758 string characters out of 6133345
 886279 words of memory out of 5000000
 41402 multiletter control sequences out of 15000+600000
 541115 words of font info for 119 fonts, out of 8000000 for 9000
 1350 hyphenation exceptions out of 8191
 62i,12n,118p,1551b,1796s stack positions out of 5000i,500n,10000p,200000b,80000s

Output written on dissertation.pdf (44 pages).
